date : May/05/2024 22:19:24,
file : ../data/auto93.csv,
repeats  : 20,
seed : 31210,
rows : 398,
cols : 8,
best : 0.17,
tiny : 0.06
#base #SNEAK_v0 #SNEAK_v1 #2rrp #rrp #b10 #bonr10 #rand10 #b20 #bonr20 #rand20 #b30 #bonr30 #rand30 #b40 #bonr40 #rand40 #b50 #bonr50 #rand50 #b60 #bonr60 #rand60 #b70 #bonr70 #rand70 #b80 #bonr80 #rand80 
#report29
#
 0,              rand,70,  0.19,  0.07, -*--                |                   ,  0.17,  0.85
#
 1,              rand,40,  0.20,  0.06,  *---               |                   ,  0.17,  0.85
 1,                 b,20,  0.24,  0.14,  ---*----           |                   ,  0.17,  0.85
 1,                 b,30,  0.24,  0.09, ----*               |                   ,  0.17,  0.85
 1,                 b,80,  0.24,  0.14, ----*---            |                   ,  0.17,  0.85
 1,                 b,40,  0.25,  0.14, ----*---            |                   ,  0.17,  0.85
 1,              rand,50,  0.25,  0.11,  ---*---            |                   ,  0.17,  0.85
#
 2,                 b,60,  0.25,  0.08,  ---*-              |                   ,  0.17,  0.85
 2,              rand,60,  0.25,  0.07,  ---*               |                   ,  0.17,  0.85
 2,              rand,80,  0.25,  0.07,  ---*               |                   ,  0.17,  0.85
 2,               2rrp,9,  0.26,  0.09,      *----          |                   ,  0.17,  0.85
#
 3,              rand,30,  0.27,  0.07,     -*--            |                   ,  0.17,  0.85
 3,                 b,50,  0.27,  0.18, ------*---          |                   ,  0.17,  0.85
 3,                 b,70,  0.27,  0.14, ------*-            |                   ,  0.17,  0.85
 3,          SNEAK_v1,41,  0.31,  0.28, --------*-------    |                   ,  0.17,  0.85
#
 4,              rand,20,  0.32,  0.12,      ----*--        |                   ,  0.17,  0.85
 4,              bonr,30,  0.32,  0.11,       ---*--        |                   ,  0.17,  0.85
 4,              bonr,40,  0.32,  0.10,      ----*-         |                   ,  0.17,  0.85
#
 5,              bonr,60,  0.32,  0.09,        --*--        |                   ,  0.17,  0.85
 5,              bonr,10,  0.33,  0.16,      ----*-----     |                   ,  0.17,  0.85
 5,                rrp,5,  0.34,  0.11,       ----*-        |                   ,  0.17,  0.85
 5,              bonr,50,  0.34,  0.11,       ----*-        |                   ,  0.17,  0.85
 5,              bonr,70,  0.34,  0.07,         --*-        |                   ,  0.17,  0.85
 5,              bonr,80,  0.34,  0.10,      -----*         |                   ,  0.17,  0.85
 5,              rand,10,  0.35,  0.15,      -----*--       |                   ,  0.17,  0.85
 5,              bonr,20,  0.35,  0.13,       ----*---      |                   ,  0.17,  0.85
#
 6,                 b,10,  0.36,  0.11,       -----*        |                   ,  0.17,  0.85
#
 7,           SNEAK_v0,0,  0.44,  0.26,                 *---|----------         ,  0.17,  0.85
#
 8,             base,398,  0.55,  0.19,                -----|-*---              ,  0.17,  0.85
