date : May/05/2024 22:19:34,
file : ../data/coc1000.csv,
repeats  : 20,
seed : 31210,
rows : 1000,
cols : 25,
best : 0.13,
tiny : 0.04
#base #SNEAK_v0 #SNEAK_v1 #2rrp #rrp #b10 #bonr10 #rand10 #b20 #bonr20 #rand20 #b30 #bonr30 #rand30 #b40 #bonr40 #rand40 #b50 #bonr50 #rand50 #b60 #bonr60 #rand60 #b70 #bonr70 #rand70 #b80 #bonr80 #rand80 
#report29
#
 0,              rand,70,  0.19,  0.02,    -*               |                   ,  0.13,  0.63
 0,              rand,60,  0.19,  0.03,    -*-              |                   ,  0.13,  0.63
#
 1,              rand,80,  0.19,  0.04,    -*-              |                   ,  0.13,  0.63
 1,          SNEAK_v1,82,  0.19,  0.04,     *-              |                   ,  0.13,  0.63
 1,              rand,50,  0.21,  0.08,    ---*---          |                   ,  0.13,  0.63
 1,              rand,40,  0.21,  0.05,     --*-            |                   ,  0.13,  0.63
#
 2,              rand,30,  0.21,  0.08,     --*----         |                   ,  0.13,  0.63
 2,                 b,70,  0.21,  0.08,     --*---          |                   ,  0.13,  0.63
#
 3,                 b,20,  0.23,  0.06,       --*--         |                   ,  0.13,  0.63
 3,              bonr,50,  0.24,  0.07,       --*---        |                   ,  0.13,  0.63
 3,              bonr,20,  0.25,  0.10,       ---*----      |                   ,  0.13,  0.63
 3,                 b,30,  0.25,  0.10,     -----*--        |                   ,  0.13,  0.63
 3,                 b,80,  0.26,  0.11,      ----*----      |                   ,  0.13,  0.63
 3,              rand,20,  0.26,  0.10,       ----*---      |                   ,  0.13,  0.63
 3,                 b,40,  0.26,  0.06,       ----*         |                   ,  0.13,  0.63
 3,              bonr,30,  0.26,  0.11,     ------*--       |                   ,  0.13,  0.63
 3,              bonr,80,  0.26,  0.06,         --*-        |                   ,  0.13,  0.63
 3,              bonr,40,  0.27,  0.09,       ----*--       |                   ,  0.13,  0.63
 3,                 b,50,  0.27,  0.07,       ----*         |                   ,  0.13,  0.63
 3,                 b,60,  0.27,  0.11,     -------*-       |                   ,  0.13,  0.63
#
 4,              bonr,70,  0.27,  0.05,          --*--      |                   ,  0.13,  0.63
 4,              bonr,60,  0.28,  0.05,           --*-      |                   ,  0.13,  0.63
 4,              bonr,10,  0.29,  0.14,          ----*------|                   ,  0.13,  0.63
#
 5,              rand,10,  0.32,  0.11,           -----*----|                   ,  0.13,  0.63
 5,                rrp,5,  0.33,  0.12,              --*----|-                  ,  0.13,  0.63
#
 6,                 b,10,  0.33,  0.10,            ----*--- |                   ,  0.13,  0.63
 6,              2rrp,10,  0.36,  0.13,           --------*-|                   ,  0.13,  0.63
#
 7,            base,1000,  0.46,  0.15,                    -|-----*----         ,  0.13,  0.63
 7,          SNEAK_v0,10,  0.49,  0.17,                   --|--------*--        ,  0.13,  0.63
