date : May/05/2024 22:20:55,
file : ../data/coc10000.csv,
repeats  : 20,
seed : 31210,
rows : 10000,
cols : 25,
best : 0.01,
tiny : 0.05
#base #SNEAK_v0 #SNEAK_v1 #2rrp #rrp #b10 #bonr10 #rand10 #b20 #bonr20 #rand20 #b30 #bonr30 #rand30 #b40 #bonr40 #rand40 #b50 #bonr50 #rand50 #b60 #bonr60 #rand60 #b70 #bonr70 #rand70 #b80 #bonr80 #rand80 
#report29
#
 0,         SNEAK_v1,194,  0.03,  0.02, -*                  |                   ,  0.01,  0.60
#
 1,              rand,50,  0.05,  0.06,   -*-               |                   ,  0.01,  0.60
 1,              rand,60,  0.05,  0.04,   -*-               |                   ,  0.01,  0.60
#
 2,                 b,40,  0.06,  0.08,   -*---             |                   ,  0.01,  0.60
 2,              rand,70,  0.06,  0.04,   -*-               |                   ,  0.01,  0.60
 2,              bonr,80,  0.06,  0.04,   -*-               |                   ,  0.01,  0.60
 2,              rand,80,  0.07,  0.06,  ---*               |                   ,  0.01,  0.60
 2,              bonr,30,  0.07,  0.04,   --*               |                   ,  0.01,  0.60
 2,                 b,60,  0.07,  0.04,   --*               |                   ,  0.01,  0.60
 2,              rand,40,  0.07,  0.07,   --*--             |                   ,  0.01,  0.60
#
 3,                 b,30,  0.07,  0.04,    -*               |                   ,  0.01,  0.60
 3,                 b,70,  0.08,  0.06,   --*-              |                   ,  0.01,  0.60
 3,              bonr,20,  0.08,  0.06,    -*--             |                   ,  0.01,  0.60
 3,              bonr,40,  0.08,  0.08,   --*---            |                   ,  0.01,  0.60
 3,                 b,80,  0.08,  0.04,    -*-              |                   ,  0.01,  0.60
 3,              bonr,70,  0.08,  0.07,   --*--             |                   ,  0.01,  0.60
#
 4,              bonr,60,  0.08,  0.09,   --*---            |                   ,  0.01,  0.60
 4,                 b,50,  0.08,  0.06,    --*-             |                   ,  0.01,  0.60
 4,              rand,30,  0.09,  0.04,     -*-             |                   ,  0.01,  0.60
 4,              bonr,50,  0.09,  0.05,    --*              |                   ,  0.01,  0.60
 4,                 b,20,  0.10,  0.06,     --*-            |                   ,  0.01,  0.60
 4,              rand,20,  0.12,  0.08,     ---*--          |                   ,  0.01,  0.60
#
 5,              bonr,10,  0.12,  0.12,     ---*----        |                   ,  0.01,  0.60
 5,              2rrp,14,  0.13,  0.10,       --*----       |                   ,  0.01,  0.60
 5,                 b,10,  0.13,  0.10,     ----*--         |                   ,  0.01,  0.60
 5,              rand,10,  0.13,  0.09,    -----*-          |                   ,  0.01,  0.60
 5,                rrp,7,  0.16,  0.06,        ---*         |                   ,  0.01,  0.60
#
 6,           base,10000,  0.31,  0.24,             --------*-------            ,  0.01,  0.60
#
 7,          SNEAK_v0,50,  0.39,  0.21,                     |-----*--------     ,  0.01,  0.60
