date : May/05/2024 22:53:08,
file : ../data/healthCommits12mths0001.csv,
repeats  : 20,
seed : 31210,
rows : 10000,
cols : 8,
best : 0.44,
tiny : 0.02
#base #SNEAK_v0 #SNEAK_v1 #2rrp #rrp #b10 #bonr10 #rand10 #b20 #bonr20 #rand20 #b30 #bonr30 #rand30 #b40 #bonr40 #rand40 #b50 #bonr50 #rand50 #b60 #bonr60 #rand60 #b70 #bonr70 #rand70 #b80 #bonr80 #rand80 
#report29
#
 0,       SNEAK_v1,10000,  0.44,  0.00, *                   |                   ,  0.44,  0.89
#
 1,                 b,30,  0.59,  0.18,             -*------|-------            ,  0.44,  0.89
#
 2,                 b,60,  0.59,  0.18,             -*------|-------            ,  0.44,  0.89
 2,              rand,60,  0.60,  0.06,           ----*     |                   ,  0.44,  0.89
 2,              rand,80,  0.61,  0.09,              -*-----|                   ,  0.44,  0.89
 2,              rand,50,  0.61,  0.05,               -*--  |                   ,  0.44,  0.89
 2,                 b,50,  0.62,  0.17,              ---*---|-------            ,  0.44,  0.89
 2,              rand,70,  0.62,  0.07,              ---*-- |                   ,  0.44,  0.89
 2,              rand,40,  0.62,  0.13,               --*---|----               ,  0.44,  0.89
 2,              bonr,40,  0.65,  0.15,                ---*-|-------            ,  0.44,  0.89
#
 3,                 b,70,  0.65,  0.16,               -----*|-------            ,  0.44,  0.89
 3,              rand,30,  0.65,  0.15,                ----*|-------            ,  0.44,  0.89
 3,                 b,20,  0.66,  0.15,                ----*|-------            ,  0.44,  0.89
 3,                rrp,7,  0.71,  0.32, --------------------|--*----            ,  0.44,  0.89
 3,              bonr,50,  0.71,  0.11,                    -|---*----           ,  0.44,  0.89
 3,              bonr,80,  0.74,  0.13,                  ---|------*            ,  0.44,  0.89
 3,              bonr,70,  0.74,  0.14,                 ----|------*-           ,  0.44,  0.89
 3,                 b,80,  0.75,  0.17,              -------|------*            ,  0.44,  0.89
 3,              rand,10,  0.75,  0.11,                   --|-------*           ,  0.44,  0.89
 3,              bonr,30,  0.75,  0.11,                    -|-------*           ,  0.44,  0.89
 3,              rand,20,  0.76,  0.10,                    -|-------*           ,  0.44,  0.89
 3,              2rrp,14,  0.76,  0.10,                    -|-------*           ,  0.44,  0.89
 3,                 b,40,  0.76,  0.15,                -----|-------*           ,  0.44,  0.89
 3,              bonr,60,  0.76,  0.12,                   --|-------*           ,  0.44,  0.89
 3,              bonr,10,  0.76,  0.12,                   --|-------*           ,  0.44,  0.89
 3,              bonr,20,  0.76,  0.06,                     |   ----*           ,  0.44,  0.89
 3,                 b,10,  0.76,  0.13,                    -|-------*-          ,  0.44,  0.89
#
 4,           base,10000,  0.86,  0.11,                     |        ---------* ,  0.44,  0.89
 4,           SNEAK_v0,0,  0.86,  0.11,                     |        ---------* ,  0.44,  0.89
