date : May/05/2024 22:39:09,
file : ../data/healthClosedIssues12mths0001.csv,
repeats  : 20,
seed : 31210,
rows : 10000,
cols : 8,
best : 0.16,
tiny : 0.05
#base #SNEAK_v0 #SNEAK_v1 #2rrp #rrp #b10 #bonr10 #rand10 #b20 #bonr20 #rand20 #b30 #bonr30 #rand30 #b40 #bonr40 #rand40 #b50 #bonr50 #rand50 #b60 #bonr60 #rand60 #b70 #bonr70 #rand70 #b80 #bonr80 #rand80 
#report29
#
 0,       SNEAK_v1,10000,  0.16,  0.00, *                   |                   ,  0.16,  0.90
#
 1,              rand,70,  0.38,  0.07,          --*-       |                   ,  0.16,  0.90
#
 2,                 b,70,  0.39,  0.06,           --*-      |                   ,  0.16,  0.90
 2,              rand,80,  0.39,  0.05,           --*       |                   ,  0.16,  0.90
 2,              rand,50,  0.40,  0.03,            -*       |                   ,  0.16,  0.90
 2,              rand,60,  0.40,  0.04,            -*       |                   ,  0.16,  0.90
 2,              rand,40,  0.40,  0.03,             *       |                   ,  0.16,  0.90
#
 3,              rand,30,  0.41,  0.02,             -*      |                   ,  0.16,  0.90
 3,              bonr,40,  0.41,  0.03,             -*      |                   ,  0.16,  0.90
 3,              bonr,20,  0.41,  0.03,             -*      |                   ,  0.16,  0.90
 3,              bonr,30,  0.41,  0.03,             -*      |                   ,  0.16,  0.90
 3,                 b,30,  0.41,  0.03,             -*      |                   ,  0.16,  0.90
 3,              bonr,70,  0.41,  0.03,             -*      |                   ,  0.16,  0.90
 3,                 b,60,  0.41,  0.06,            --*      |                   ,  0.16,  0.90
 3,                 b,80,  0.41,  0.04,             -*      |                   ,  0.16,  0.90
#
 4,                 b,40,  0.42,  0.03,             -*      |                   ,  0.16,  0.90
 4,              rand,20,  0.42,  0.04,            --*      |                   ,  0.16,  0.90
 4,              2rrp,14,  0.42,  0.03,              *      |                   ,  0.16,  0.90
 4,              bonr,60,  0.42,  0.03,              *      |                   ,  0.16,  0.90
 4,              bonr,80,  0.42,  0.01,              -*     |                   ,  0.16,  0.90
 4,              bonr,50,  0.42,  0.02,              -*     |                   ,  0.16,  0.90
 4,                 b,50,  0.42,  0.02,              -*     |                   ,  0.16,  0.90
 4,                rrp,7,  0.43,  0.04,             --*     |                   ,  0.16,  0.90
 4,                 b,20,  0.43,  0.02,              -*     |                   ,  0.16,  0.90
#
 5,              bonr,10,  0.43,  0.02,              -*     |                   ,  0.16,  0.90
 5,              rand,10,  0.43,  0.01,               *     |                   ,  0.16,  0.90
 5,                 b,10,  0.43,  0.03,              -*     |                   ,  0.16,  0.90
#
 6,           SNEAK_v0,0,  0.45,  0.25,                *----|-------            ,  0.16,  0.90
#
 7,           base,10000,  0.46,  0.25,                -*---|-------            ,  0.16,  0.90
