date : May/05/2024 23:00:21,
file : ../data/pom.csv,
repeats  : 20,
seed : 31210,
rows : 10000,
cols : 13,
best : 0.04,
tiny : 0.04
#base #SNEAK_v0 #SNEAK_v1 #2rrp #rrp #b10 #bonr10 #rand10 #b20 #bonr20 #rand20 #b30 #bonr30 #rand30 #b40 #bonr40 #rand40 #b50 #bonr50 #rand50 #b60 #bonr60 #rand60 #b70 #bonr70 #rand70 #b80 #bonr80 #rand80 
#report29
#
 0,       SNEAK_v1,10000,  0.04,  0.04, *-                  |                   ,  0.04,  0.58
#
 1,              rand,80,  0.09,  0.03,    *-               |                   ,  0.04,  0.58
 1,              bonr,60,  0.10,  0.02,    -*               |                   ,  0.04,  0.58
 1,                 b,50,  0.10,  0.03,    -*               |                   ,  0.04,  0.58
 1,                 b,60,  0.10,  0.04,    -*-              |                   ,  0.04,  0.58
#
 2,              bonr,50,  0.10,  0.06,    -*---            |                   ,  0.04,  0.58
 2,                 b,30,  0.10,  0.05,    -*--             |                   ,  0.04,  0.58
 2,              bonr,40,  0.10,  0.07,    -*---            |                   ,  0.04,  0.58
 2,                 b,40,  0.10,  0.04,    --*              |                   ,  0.04,  0.58
 2,                 b,80,  0.11,  0.06,  ----*              |                   ,  0.04,  0.58
 2,              bonr,70,  0.11,  0.04,     -*              |                   ,  0.04,  0.58
 2,              rand,40,  0.11,  0.04,    --*              |                   ,  0.04,  0.58
 2,              bonr,80,  0.11,  0.03,     -*              |                   ,  0.04,  0.58
 2,              bonr,30,  0.11,  0.07,    --*---           |                   ,  0.04,  0.58
 2,              rand,70,  0.11,  0.02,     -*              |                   ,  0.04,  0.58
#
 3,              rand,60,  0.11,  0.04,    --*              |                   ,  0.04,  0.58
 3,                 b,70,  0.11,  0.04,    --*              |                   ,  0.04,  0.58
 3,              rand,50,  0.11,  0.05,    --*-             |                   ,  0.04,  0.58
 3,              rand,30,  0.11,  0.04,      *-             |                   ,  0.04,  0.58
#
 4,                 b,20,  0.12,  0.04,      -*-            |                   ,  0.04,  0.58
 4,              2rrp,14,  0.13,  0.06,      -*--           |                   ,  0.04,  0.58
 4,                 b,10,  0.13,  0.06,     ---*-           |                   ,  0.04,  0.58
 4,              rand,20,  0.13,  0.05,       -*-           |                   ,  0.04,  0.58
#
 5,              bonr,20,  0.14,  0.05,     ---*            |                   ,  0.04,  0.58
#
 6,                rrp,7,  0.16,  0.04,        -*-          |                   ,  0.04,  0.58
 6,              rand,10,  0.16,  0.11,        --*-----     |                   ,  0.04,  0.58
 6,              bonr,10,  0.17,  0.07,        --*--        |                   ,  0.04,  0.58
#
 7,           base,10000,  0.29,  0.17,             ------*-|----               ,  0.04,  0.58
 7,           SNEAK_v0,0,  0.36,  0.19,                 ----|--*------          ,  0.04,  0.58
