date : May/05/2024 23:08:02,
file : ../data/pom3a.csv,
repeats  : 20,
seed : 31210,
rows : 500,
cols : 12,
best : 0.07,
tiny : 0.06
#base #SNEAK_v0 #SNEAK_v1 #2rrp #rrp #b10 #bonr10 #rand10 #b20 #bonr20 #rand20 #b30 #bonr30 #rand30 #b40 #bonr40 #rand40 #b50 #bonr50 #rand50 #b60 #bonr60 #rand60 #b70 #bonr70 #rand70 #b80 #bonr80 #rand80 
#report29
#
 0,                 b,80,  0.08,  0.13, *------             |                   ,  0.07,  0.81
 0,                 b,20,  0.12,  0.15, ---*---             |                   ,  0.07,  0.81
 0,              rand,70,  0.12,  0.09, ---*-               |                   ,  0.07,  0.81
 0,              rand,50,  0.15,  0.15, ----*---            |                   ,  0.07,  0.81
 0,                 b,30,  0.15,  0.17, ----*----           |                   ,  0.07,  0.81
 0,              rand,60,  0.15,  0.11, ----*-              |                   ,  0.07,  0.81
 0,              rand,80,  0.15,  0.12, ----*-              |                   ,  0.07,  0.81
#
 1,              rand,20,  0.16,  0.09,     -*---           |                   ,  0.07,  0.81
 1,              bonr,50,  0.16,  0.15,    --*-----         |                   ,  0.07,  0.81
 1,              bonr,30,  0.18,  0.11,    ---*-            |                   ,  0.07,  0.81
 1,                 b,40,  0.18,  0.12, ------*             |                   ,  0.07,  0.81
 1,              rand,40,  0.18,  0.12, ------*             |                   ,  0.07,  0.81
 1,              bonr,80,  0.18,  0.11,    ---*--           |                   ,  0.07,  0.81
 1,              rand,30,  0.18,  0.10,    ---*-            |                   ,  0.07,  0.81
 1,              rand,10,  0.19,  0.15,    ---*----         |                   ,  0.07,  0.81
 1,              bonr,60,  0.19,  0.14,  -----*--           |                   ,  0.07,  0.81
 1,                 b,70,  0.20,  0.17,    ----*----        |                   ,  0.07,  0.81
 1,                 b,50,  0.20,  0.21, -------*---         |                   ,  0.07,  0.81
 1,         SNEAK_v1,500,  0.21,  0.18, -------*-           |                   ,  0.07,  0.81
 1,              bonr,10,  0.21,  0.17,     ---*-----       |                   ,  0.07,  0.81
 1,              bonr,70,  0.22,  0.10,     ----*           |                   ,  0.07,  0.81
 1,              bonr,40,  0.23,  0.06,       --*           |                   ,  0.07,  0.81
 1,              bonr,20,  0.24,  0.10,     -----*          |                   ,  0.07,  0.81
#
 2,                 b,60,  0.24,  0.19, ---------*          |                   ,  0.07,  0.81
#
 3,               2rrp,9,  0.28,  0.17,       -----*---     |                   ,  0.07,  0.81
 3,                rrp,5,  0.29,  0.15,          --*-----   |                   ,  0.07,  0.81
 3,                 b,10,  0.29,  0.15,        ----*---     |                   ,  0.07,  0.81
#
 4,             base,500,  0.51,  0.20,                  ---|--*----            ,  0.07,  0.81
 4,          SNEAK_v0,10,  0.59,  0.22,                   --|-------*-          ,  0.07,  0.81
