date : May/05/2024 23:09:01,
file : ../data/pom3d.csv,
repeats  : 20,
seed : 31210,
rows : 500,
cols : 12,
best : 0.04,
tiny : 0.05
#base #SNEAK_v0 #SNEAK_v1 #2rrp #rrp #b10 #bonr10 #rand10 #b20 #bonr20 #rand20 #b30 #bonr30 #rand30 #b40 #bonr40 #rand40 #b50 #bonr50 #rand50 #b60 #bonr60 #rand60 #b70 #bonr70 #rand70 #b80 #bonr80 #rand80 
#report29
#
 0,          SNEAK_v1,46,  0.07,  0.06, --*-                |                   ,  0.04,  0.57
 0,              rand,80,  0.07,  0.02,   *                 |                   ,  0.04,  0.57
 0,                 b,50,  0.08,  0.06,   -*---             |                   ,  0.04,  0.57
 0,                 b,70,  0.08,  0.02,   -*                |                   ,  0.04,  0.57
 0,              rand,70,  0.08,  0.02,   -*                |                   ,  0.04,  0.57
 0,                 b,30,  0.09,  0.03,   -*-               |                   ,  0.04,  0.57
 0,              bonr,60,  0.09,  0.04,   -*-               |                   ,  0.04,  0.57
 0,              rand,40,  0.09,  0.03,   -*                |                   ,  0.04,  0.57
 0,              rand,60,  0.09,  0.02,   -*                |                   ,  0.04,  0.57
 0,              bonr,70,  0.09,  0.05,   -*-               |                   ,  0.04,  0.57
 0,                 b,20,  0.09,  0.05,   -*--              |                   ,  0.04,  0.57
 0,              bonr,30,  0.09,  0.05,   -*--              |                   ,  0.04,  0.57
 0,              rand,50,  0.09,  0.01,    *                |                   ,  0.04,  0.57
 0,              bonr,80,  0.09,  0.03,    *-               |                   ,  0.04,  0.57
 0,                 b,40,  0.09,  0.03,   --*               |                   ,  0.04,  0.57
 0,                 b,80,  0.09,  0.04,   --*               |                   ,  0.04,  0.57
#
 1,              bonr,20,  0.09,  0.06,    -*--             |                   ,  0.04,  0.57
 1,                 b,60,  0.09,  0.05,    -*--             |                   ,  0.04,  0.57
 1,              rand,30,  0.10,  0.06,    -*--             |                   ,  0.04,  0.57
 1,              bonr,50,  0.10,  0.06,    -*--             |                   ,  0.04,  0.57
 1,                 b,10,  0.10,  0.11,    -*------         |                   ,  0.04,  0.57
 1,              rand,20,  0.10,  0.07,    -*---            |                   ,  0.04,  0.57
 1,              bonr,40,  0.10,  0.04,   --*               |                   ,  0.04,  0.57
#
 2,              bonr,10,  0.12,  0.07,    --*--            |                   ,  0.04,  0.57
 2,                rrp,5,  0.12,  0.06,     --*--           |                   ,  0.04,  0.57
 2,               2rrp,9,  0.14,  0.07,       -*---         |                   ,  0.04,  0.57
 2,              rand,10,  0.15,  0.09,      ---*--         |                   ,  0.04,  0.57
#
 3,             base,500,  0.32,  0.23,             --------*--------           ,  0.04,  0.57
 3,           SNEAK_v0,0,  0.44,  0.23,                -----|---------*-        ,  0.04,  0.57
