date : May/05/2024 23:08:41,
file : ../data/pom3c.csv,
repeats  : 20,
seed : 31210,
rows : 500,
cols : 12,
best : 0.15,
tiny : 0.05
#base #SNEAK_v0 #SNEAK_v1 #2rrp #rrp #b10 #bonr10 #rand10 #b20 #bonr20 #rand20 #b30 #bonr30 #rand30 #b40 #bonr40 #rand40 #b50 #bonr50 #rand50 #b60 #bonr60 #rand60 #b70 #bonr70 #rand70 #b80 #bonr80 #rand80 
#report29
#
 0,          SNEAK_v1,45,  0.26,  0.19, -------*---         |                   ,  0.15,  0.78
 0,              rand,80,  0.28,  0.07,      ---*           |                   ,  0.15,  0.78
#
 1,                 b,50,  0.28,  0.04,        -*-          |                   ,  0.15,  0.78
 1,              rand,60,  0.28,  0.06,        -*-          |                   ,  0.15,  0.78
 1,                 b,30,  0.30,  0.07,        --*--        |                   ,  0.15,  0.78
 1,              bonr,50,  0.30,  0.06,         -*-         |                   ,  0.15,  0.78
 1,              rand,50,  0.30,  0.06,        --*          |                   ,  0.15,  0.78
 1,                 b,80,  0.30,  0.06,        --*-         |                   ,  0.15,  0.78
 1,                 b,40,  0.31,  0.07,         --*-        |                   ,  0.15,  0.78
#
 2,              rand,70,  0.31,  0.05,         --*         |                   ,  0.15,  0.78
 2,              bonr,30,  0.31,  0.08,         --*--       |                   ,  0.15,  0.78
 2,              rand,30,  0.31,  0.06,        ---*         |                   ,  0.15,  0.78
 2,                 b,60,  0.31,  0.07,        ---*-        |                   ,  0.15,  0.78
 2,              rand,40,  0.32,  0.07,         --*-        |                   ,  0.15,  0.78
 2,              bonr,60,  0.33,  0.08,        ----*        |                   ,  0.15,  0.78
 2,                 b,70,  0.33,  0.07,        ----*        |                   ,  0.15,  0.78
 2,              bonr,80,  0.33,  0.10,         ---*--      |                   ,  0.15,  0.78
#
 3,                 b,20,  0.34,  0.08,         ---*        |                   ,  0.15,  0.78
 3,              bonr,20,  0.34,  0.07,           -*--      |                   ,  0.15,  0.78
 3,              rand,20,  0.34,  0.08,         ---*-       |                   ,  0.15,  0.78
 3,              bonr,70,  0.35,  0.10,         ----*-      |                   ,  0.15,  0.78
 3,              bonr,40,  0.35,  0.03,           --*       |                   ,  0.15,  0.78
#
 4,                 b,10,  0.36,  0.05,            --*      |                   ,  0.15,  0.78
 4,              rand,10,  0.36,  0.07,            --*--    |                   ,  0.15,  0.78
#
 5,              bonr,10,  0.36,  0.08,           ---*-     |                   ,  0.15,  0.78
 5,               2rrp,9,  0.38,  0.10,            ---*--   |                   ,  0.15,  0.78
 5,                rrp,5,  0.39,  0.09,             --*---  |                   ,  0.15,  0.78
#
 6,          SNEAK_v0,16,  0.57,  0.16,                     | ----*-----        ,  0.15,  0.78
#
 7,             base,500,  0.58,  0.18,                     |------*----        ,  0.15,  0.78
