date : May/05/2024 23:08:22,
file : ../data/pom3b.csv,
repeats  : 20,
seed : 31210,
rows : 500,
cols : 12,
best : 0.0,
tiny : 0.05
#base #SNEAK_v0 #SNEAK_v1 #2rrp #rrp #b10 #bonr10 #rand10 #b20 #bonr20 #rand20 #b30 #bonr30 #rand30 #b40 #bonr40 #rand40 #b50 #bonr50 #rand50 #b60 #bonr60 #rand60 #b70 #bonr70 #rand70 #b80 #bonr80 #rand80 
#report29
#
 0,          SNEAK_v1,39,  0.00,  0.10, *----               |                   ,  0.00,  0.67
 0,              rand,60,  0.04,  0.07, --*-                |                   ,  0.00,  0.67
 0,              rand,70,  0.04,  0.05,  -*                 |                   ,  0.00,  0.67
 0,              rand,80,  0.05,  0.03,  --*                |                   ,  0.00,  0.67
 0,              bonr,80,  0.06,  0.06,   -*-               |                   ,  0.00,  0.67
 0,              rand,30,  0.06,  0.06,   -*-               |                   ,  0.00,  0.67
 0,              rand,50,  0.06,  0.05,   -*-               |                   ,  0.00,  0.67
#
 1,              bonr,30,  0.06,  0.12,   -*-----           |                   ,  0.00,  0.67
 1,                 b,60,  0.06,  0.06,   -*-               |                   ,  0.00,  0.67
 1,                 b,70,  0.06,  0.08,   -*---             |                   ,  0.00,  0.67
 1,              bonr,60,  0.06,  0.06,   -*-               |                   ,  0.00,  0.67
 1,                 b,50,  0.07,  0.06,    -*-              |                   ,  0.00,  0.67
 1,              bonr,20,  0.07,  0.11,   --*----           |                   ,  0.00,  0.67
 1,              rand,40,  0.07,  0.06,   --*               |                   ,  0.00,  0.67
 1,                 b,80,  0.07,  0.11,   --*---            |                   ,  0.00,  0.67
 1,                 b,40,  0.09,  0.06,    --*              |                   ,  0.00,  0.67
 1,              bonr,70,  0.10,  0.09,    --*---           |                   ,  0.00,  0.67
 1,                 b,10,  0.10,  0.11,    ---*---          |                   ,  0.00,  0.67
 1,              bonr,50,  0.10,  0.10,    ---*--           |                   ,  0.00,  0.67
 1,                 b,30,  0.11,  0.11,    ---*--           |                   ,  0.00,  0.67
#
 2,              bonr,40,  0.12,  0.11,   -----*-           |                   ,  0.00,  0.67
 2,                 b,20,  0.14,  0.10,    -----*           |                   ,  0.00,  0.67
 2,              rand,20,  0.14,  0.10,    -----*           |                   ,  0.00,  0.67
 2,              rand,10,  0.15,  0.16,      ----*-----     |                   ,  0.00,  0.67
#
 3,              bonr,10,  0.17,  0.05,         --*         |                   ,  0.00,  0.67
 3,                rrp,5,  0.19,  0.11,         ---*---     |                   ,  0.00,  0.67
 3,               2rrp,9,  0.20,  0.10,          --*---     |                   ,  0.00,  0.67
#
 4,             base,500,  0.40,  0.20,                 ----|--*----            ,  0.00,  0.67
#
 5,           SNEAK_v0,8,  0.55,  0.18,                     |   --------*--     ,  0.00,  0.67
