date : May/05/2024 23:09:20,
file : ../data/SS-A.csv,
repeats  : 20,
seed : 31210,
rows : 1343,
cols : 5,
best : 0.0,
tiny : 0.07
#base #SNEAK_v0 #SNEAK_v1 #2rrp #rrp #b10 #bonr10 #rand10 #b20 #bonr20 #rand20 #b30 #bonr30 #rand30 #b40 #bonr40 #rand40 #b50 #bonr50 #rand50 #b60 #bonr60 #rand60 #b70 #bonr70 #rand70 #b80 #bonr80 #rand80 
#report29
#
 0,              rand,80,  0.02,  0.03,  *-                 |                   ,  0.00,  0.63
 0,                 b,40,  0.02,  0.06, -*--                |                   ,  0.00,  0.63
 0,              rand,70,  0.03,  0.02,  *                  |                   ,  0.00,  0.63
 0,                 b,80,  0.03,  0.05, -*-                 |                   ,  0.00,  0.63
 0,                 b,60,  0.03,  0.04,  *-                 |                   ,  0.00,  0.63
#
 1,                 b,30,  0.03,  0.06,  *---               |                   ,  0.00,  0.63
 1,              rand,60,  0.04,  0.03,  -*                 |                   ,  0.00,  0.63
 1,                 b,20,  0.04,  0.04,  -*                 |                   ,  0.00,  0.63
#
 2,              rand,30,  0.05,  0.03,  -*                 |                   ,  0.00,  0.63
 2,              rand,50,  0.05,  0.02,   *                 |                   ,  0.00,  0.63
 2,                 b,50,  0.05,  0.06,  --*-               |                   ,  0.00,  0.63
 2,              rand,40,  0.05,  0.02,   -*                |                   ,  0.00,  0.63
 2,              2rrp,11,  0.05,  0.04,  --*                |                   ,  0.00,  0.63
 2,              bonr,20,  0.06,  0.05,  --*-               |                   ,  0.00,  0.63
 2,              rand,20,  0.06,  0.03,    *                |                   ,  0.00,  0.63
 2,                 b,70,  0.06,  0.04,  --*                |                   ,  0.00,  0.63
 2,                rrp,6,  0.07,  0.03,   --*               |                   ,  0.00,  0.63
#
 3,              bonr,40,  0.07,  0.05,   --*-              |                   ,  0.00,  0.63
 3,          SNEAK_v1,90,  0.07,  0.16,   --*-------        |                   ,  0.00,  0.63
 3,              rand,10,  0.07,  0.04,    -*               |                   ,  0.00,  0.63
 3,              bonr,70,  0.08,  0.07,    -*--             |                   ,  0.00,  0.63
 3,                 b,10,  0.08,  0.08,    -*---            |                   ,  0.00,  0.63
 3,              bonr,80,  0.08,  0.03,    -*               |                   ,  0.00,  0.63
 3,              bonr,50,  0.08,  0.04,     -*              |                   ,  0.00,  0.63
 3,              bonr,30,  0.10,  0.09,    ---*--           |                   ,  0.00,  0.63
 3,              bonr,60,  0.10,  0.07,   ----*             |                   ,  0.00,  0.63
 3,              bonr,10,  0.11,  0.04,     --*             |                   ,  0.00,  0.63
#
 4,            base,1343,  0.19,  0.15,        -----*----   |                   ,  0.00,  0.63
#
 5,          SNEAK_v0,52,  0.42,  0.21,                -----|-----*--           ,  0.00,  0.63
