date : May/05/2024 23:09:51,
file : ../data/SS-B.csv,
repeats  : 20,
seed : 31210,
rows : 206,
cols : 5,
best : 0.0,
tiny : 0.07
#base #SNEAK_v0 #SNEAK_v1 #2rrp #rrp #b10 #bonr10 #rand10 #b20 #bonr20 #rand20 #b30 #bonr30 #rand30 #b40 #bonr40 #rand40 #b50 #bonr50 #rand50 #b60 #bonr60 #rand60 #b70 #bonr70 #rand70 #b80 #bonr80 #rand80 
#report29
#
 0,         SNEAK_v1,206,  0.00,  0.00, *                   |                   ,  0.00,  0.86
 0,                 b,20,  0.00,  0.19, *-------            |                   ,  0.00,  0.86
 0,                 b,40,  0.00,  0.06, *-                  |                   ,  0.00,  0.86
 0,                 b,50,  0.00,  0.22, *---------          |                   ,  0.00,  0.86
 0,              rand,80,  0.00,  0.06, *-                  |                   ,  0.00,  0.86
 0,                 b,30,  0.06,  0.23, --*-------          |                   ,  0.00,  0.86
 0,              rand,60,  0.06,  0.09, --*-                |                   ,  0.00,  0.86
 0,              rand,70,  0.06,  0.09, --*-                |                   ,  0.00,  0.86
 0,                 b,80,  0.06,  0.22, --*-------          |                   ,  0.00,  0.86
 0,               2rrp,8,  0.09,  0.22, ----*-----          |                   ,  0.00,  0.86
 0,              rand,50,  0.09,  0.08,   --*-              |                   ,  0.00,  0.86
#
 1,                 b,70,  0.09,  0.22, ----*-----          |                   ,  0.00,  0.86
 1,              rand,40,  0.13,  0.22, -----*----          |                   ,  0.00,  0.86
#
 2,              rand,30,  0.14,  0.10,     --*-            |                   ,  0.00,  0.86
 2,                 b,10,  0.22,  0.28, ----------*-        |                   ,  0.00,  0.86
 2,              bonr,40,  0.22,  0.16,      -----*--       |                   ,  0.00,  0.86
#
 3,                 b,60,  0.22,  0.23, ----------*         |                   ,  0.00,  0.86
#
 4,                rrp,4,  0.23,  0.12,         --*---      |                   ,  0.00,  0.86
 4,              rand,10,  0.23,  0.23,      -----*-----    |                   ,  0.00,  0.86
 4,              rand,20,  0.23,  0.10,       ----*         |                   ,  0.00,  0.86
 4,              bonr,50,  0.23,  0.17,       ----*---      |                   ,  0.00,  0.86
 4,              bonr,80,  0.23,  0.09,           *---      |                   ,  0.00,  0.86
#
 5,              bonr,30,  0.25,  0.12,           -*---     |                   ,  0.00,  0.86
 5,              bonr,60,  0.25,  0.10,           -*--      |                   ,  0.00,  0.86
 5,              bonr,20,  0.28,  0.25,      -------*----   |                   ,  0.00,  0.86
 5,              bonr,70,  0.28,  0.18,       -------*-     |                   ,  0.00,  0.86
#
 6,              bonr,10,  0.31,  0.17,           ----*--   |                   ,  0.00,  0.86
#
 7,           SNEAK_v0,6,  0.52,  0.00,                     |   *               ,  0.00,  0.86
#
 8,             base,206,  0.55,  0.29,                   --|----*-----         ,  0.00,  0.86
