date : May/05/2024 23:10:29,
file : ../data/SS-D.csv,
repeats  : 20,
seed : 31210,
rows : 196,
cols : 5,
best : 0.32,
tiny : 0.03
#base #SNEAK_v0 #SNEAK_v1 #2rrp #rrp #b10 #bonr10 #rand10 #b20 #bonr20 #rand20 #b30 #bonr30 #rand30 #b40 #bonr40 #rand40 #b50 #bonr50 #rand50 #b60 #bonr60 #rand60 #b70 #bonr70 #rand70 #b80 #bonr80 #rand80 
#report29
#
 0,              rand,70,  0.32,  0.03, *--                 |                   ,  0.32,  0.70
 0,              rand,80,  0.32,  0.03, *--                 |                   ,  0.32,  0.70
#
 1,          SNEAK_v1,61,  0.35,  0.00,    *                |                   ,  0.32,  0.70
 1,              rand,50,  0.35,  0.05, ---*-               |                   ,  0.32,  0.70
#
 2,              rand,60,  0.35,  0.02,    *-               |                   ,  0.32,  0.70
 2,              rand,40,  0.37,  0.03,    --*              |                   ,  0.32,  0.70
 2,              rand,30,  0.37,  0.03,    --*              |                   ,  0.32,  0.70
#
 3,              rand,20,  0.38,  0.04,      -*--           |                   ,  0.32,  0.70
 3,                 b,20,  0.40,  0.07,       --*----       |                   ,  0.32,  0.70
 3,                 b,30,  0.40,  0.10,    -----*----       |                   ,  0.32,  0.70
#
 4,                 b,80,  0.41,  0.08,       ---*----      |                   ,  0.32,  0.70
#
 5,                 b,50,  0.41,  0.07,       ----*--       |                   ,  0.32,  0.70
 5,              bonr,20,  0.42,  0.07,         ---*---     |                   ,  0.32,  0.70
 5,                 b,40,  0.42,  0.04,         ---*-       |                   ,  0.32,  0.70
 5,                 b,60,  0.42,  0.08,      ------*-       |                   ,  0.32,  0.70
 5,              rand,10,  0.44,  0.07,       ------*       |                   ,  0.32,  0.70
 5,               2rrp,8,  0.44,  0.03,            --*      |                   ,  0.32,  0.70
 5,                 b,70,  0.45,  0.09,      --------*      |                   ,  0.32,  0.70
 5,              bonr,80,  0.45,  0.05,           ---*-     |                   ,  0.32,  0.70
 5,              bonr,30,  0.45,  0.07,         -----*-     |                   ,  0.32,  0.70
 5,              bonr,50,  0.45,  0.08,         -----*---   |                   ,  0.32,  0.70
 5,                 b,10,  0.45,  0.06,         -----*-     |                   ,  0.32,  0.70
 5,              bonr,60,  0.45,  0.07,       -------*      |                   ,  0.32,  0.70
#
 6,              bonr,70,  0.46,  0.09,           ----*---- |                   ,  0.32,  0.70
 6,                rrp,4,  0.46,  0.10,           -----*----|                   ,  0.32,  0.70
 6,              bonr,10,  0.47,  0.06,              --*----|                   ,  0.32,  0.70
 6,              bonr,40,  0.47,  0.05,              --*--- |                   ,  0.32,  0.70
#
 7,             base,196,  0.52,  0.11,                -----|*-----             ,  0.32,  0.70
 7,          SNEAK_v0,12,  0.52,  0.17,              -------|*---------         ,  0.32,  0.70
