date : May/05/2024 23:10:33,
file : ../data/SS-E.csv,
repeats  : 20,
seed : 31210,
rows : 756,
cols : 5,
best : 0.12,
tiny : 0.05
#base #SNEAK_v0 #SNEAK_v1 #2rrp #rrp #b10 #bonr10 #rand10 #b20 #bonr20 #rand20 #b30 #bonr30 #rand30 #b40 #bonr40 #rand40 #b50 #bonr50 #rand50 #b60 #bonr60 #rand60 #b70 #bonr70 #rand70 #b80 #bonr80 #rand80 
#report29
#
 0,         SNEAK_v1,211,  0.12,  0.00, *                   |                   ,  0.12,  0.70
#
 1,              rand,80,  0.14,  0.04, *--                 |                   ,  0.12,  0.70
#
 2,              rand,60,  0.16,  0.04,  -*-                |                   ,  0.12,  0.70
 2,              rand,70,  0.16,  0.05,  -*--               |                   ,  0.12,  0.70
 2,              rand,40,  0.18,  0.07,  ---*-              |                   ,  0.12,  0.70
 2,              rand,50,  0.18,  0.04,   --*               |                   ,  0.12,  0.70
#
 3,                 b,60,  0.23,  0.10,     ---*---         |                   ,  0.12,  0.70
 3,                 b,70,  0.23,  0.12,     ---*----        |                   ,  0.12,  0.70
 3,              rand,20,  0.23,  0.13,   -----*---         |                   ,  0.12,  0.70
 3,              rand,30,  0.23,  0.07,    ----*            |                   ,  0.12,  0.70
 3,                 b,40,  0.25,  0.12,     ----*----       |                   ,  0.12,  0.70
 3,              2rrp,10,  0.26,  0.09,      ----*--        |                   ,  0.12,  0.70
 3,                 b,20,  0.27,  0.14,     ------*---      |                   ,  0.12,  0.70
 3,                 b,30,  0.27,  0.12,     ------*--       |                   ,  0.12,  0.70
 3,                 b,50,  0.27,  0.09,       ----*--       |                   ,  0.12,  0.70
#
 4,                 b,10,  0.28,  0.10,       -----*-       |                   ,  0.12,  0.70
 4,              bonr,40,  0.28,  0.07,         ---*-       |                   ,  0.12,  0.70
 4,              bonr,60,  0.28,  0.08,         ---*-       |                   ,  0.12,  0.70
 4,                rrp,5,  0.29,  0.10,       -----*-       |                   ,  0.12,  0.70
 4,          SNEAK_v0,18,  0.29,  0.10,           -*-----   |                   ,  0.12,  0.70
 4,                 b,80,  0.29,  0.07,         ---*-       |                   ,  0.12,  0.70
 4,              bonr,70,  0.30,  0.05,           -*-       |                   ,  0.12,  0.70
 4,              bonr,10,  0.30,  0.11,         ----*---    |                   ,  0.12,  0.70
 4,              bonr,30,  0.30,  0.09,        -----*       |                   ,  0.12,  0.70
 4,              rand,10,  0.31,  0.07,         ----*       |                   ,  0.12,  0.70
 4,              bonr,50,  0.31,  0.05,           --*-      |                   ,  0.12,  0.70
 4,              bonr,20,  0.31,  0.04,            --*      |                   ,  0.12,  0.70
 4,              bonr,80,  0.31,  0.08,         -----*      |                   ,  0.12,  0.70
#
 5,             base,756,  0.36,  0.19,             ----*---|----               ,  0.12,  0.70
