date : May/05/2024 23:10:52,
file : ../data/SS-G.csv,
repeats  : 20,
seed : 31210,
rows : 196,
cols : 5,
best : 0.33,
tiny : 0.04
#base #SNEAK_v0 #SNEAK_v1 #2rrp #rrp #b10 #bonr10 #rand10 #b20 #bonr20 #rand20 #b30 #bonr30 #rand30 #b40 #bonr40 #rand40 #b50 #bonr50 #rand50 #b60 #bonr60 #rand60 #b70 #bonr70 #rand70 #b80 #bonr80 #rand80 
#report29
#
 0,              rand,70,  0.33,  0.02, *-                  |                   ,  0.33,  0.71
 0,              rand,80,  0.33,  0.02, *-                  |                   ,  0.33,  0.71
#
 1,              rand,40,  0.35,  0.03,  -*-                |                   ,  0.33,  0.71
 1,              rand,50,  0.35,  0.06, --*--               |                   ,  0.33,  0.71
 1,              rand,60,  0.35,  0.06, --*--               |                   ,  0.33,  0.71
 1,          SNEAK_v1,61,  0.38,  0.00,     *               |                   ,  0.33,  0.71
#
 2,              bonr,20,  0.39,  0.12,  ----*--------      |                   ,  0.33,  0.71
 2,              rand,20,  0.39,  0.07,  ----*---           |                   ,  0.33,  0.71
 2,              rand,30,  0.39,  0.07,  ----*---           |                   ,  0.33,  0.71
#
 3,              bonr,50,  0.40,  0.08,     --*------       |                   ,  0.33,  0.71
 3,                 b,70,  0.42,  0.05,      ----*-         |                   ,  0.33,  0.71
 3,              rand,10,  0.43,  0.08,       ---*----      |                   ,  0.33,  0.71
 3,                 b,30,  0.43,  0.02,          -*         |                   ,  0.33,  0.71
 3,              bonr,40,  0.43,  0.09,       ----*----     |                   ,  0.33,  0.71
 3,                 b,50,  0.43,  0.10,   --------*--       |                   ,  0.33,  0.71
 3,                 b,60,  0.43,  0.02,          -*         |                   ,  0.33,  0.71
 3,                 b,20,  0.44,  0.04,         --*-        |                   ,  0.33,  0.71
 3,                 b,40,  0.44,  0.03,          -*-        |                   ,  0.33,  0.71
#
 4,                 b,80,  0.44,  0.04,          -*---      |                   ,  0.33,  0.71
 4,                 b,10,  0.44,  0.05,          --*--      |                   ,  0.33,  0.71
 4,              bonr,70,  0.44,  0.09,         ---*-----   |                   ,  0.33,  0.71
 4,              bonr,30,  0.44,  0.07,          --*----    |                   ,  0.33,  0.71
 4,              bonr,60,  0.45,  0.04,          ---*-      |                   ,  0.33,  0.71
 4,               2rrp,8,  0.45,  0.02,           --*       |                   ,  0.33,  0.71
 4,              bonr,80,  0.45,  0.05,          ---*-      |                   ,  0.33,  0.71
 4,              bonr,10,  0.48,  0.07,          ------*-   |                   ,  0.33,  0.71
#
 5,                rrp,4,  0.49,  0.06,              ----*--|                   ,  0.33,  0.71
 5,          SNEAK_v0,12,  0.51,  0.21,           --------*-|------------       ,  0.33,  0.71
#
 6,             base,196,  0.53,  0.16,                  ---|*------------      ,  0.33,  0.71
