date : May/05/2024 23:10:56,
file : ../data/SS-H.csv,
repeats  : 20,
seed : 31210,
rows : 259,
cols : 6,
best : 0.23,
tiny : 0.06
#base #SNEAK_v0 #SNEAK_v1 #2rrp #rrp #b10 #bonr10 #rand10 #b20 #bonr20 #rand20 #b30 #bonr30 #rand30 #b40 #bonr40 #rand40 #b50 #bonr50 #rand50 #b60 #bonr60 #rand60 #b70 #bonr70 #rand70 #b80 #bonr80 #rand80 
#report29
#
 0,                 b,50,  0.23,  0.15, *-------            |                   ,  0.23,  0.97
 0,              rand,50,  0.23,  0.15, *-------            |                   ,  0.23,  0.97
 0,                 b,60,  0.23,  0.09, *---                |                   ,  0.23,  0.97
 0,              rand,60,  0.23,  0.09, *---                |                   ,  0.23,  0.97
 0,                 b,70,  0.23,  0.19, *---------          |                   ,  0.23,  0.97
 0,              rand,70,  0.23,  0.09, *---                |                   ,  0.23,  0.97
 0,                 b,80,  0.23,  0.19, *---------          |                   ,  0.23,  0.97
 0,              rand,80,  0.23,  0.09, *---                |                   ,  0.23,  0.97
 0,                 b,20,  0.31,  0.19, ----*-----          |                   ,  0.23,  0.97
 0,                 b,30,  0.31,  0.19, ----*-----          |                   ,  0.23,  0.97
 0,                 b,40,  0.31,  0.19, ----*-----          |                   ,  0.23,  0.97
 0,               2rrp,9,  0.31,  0.24, ----*-------        |                   ,  0.23,  0.97
 0,              rand,30,  0.31,  0.16, ----*---            |                   ,  0.23,  0.97
 0,              bonr,70,  0.31,  0.22, ----*------         |                   ,  0.23,  0.97
 0,              rand,40,  0.38,  0.07,     ----*           |                   ,  0.23,  0.97
 0,              rand,20,  0.38,  0.22, --------*--         |                   ,  0.23,  0.97
#
 1,              bonr,30,  0.38,  0.19, --------*-          |                   ,  0.23,  0.97
 1,              bonr,40,  0.38,  0.22, --------*--         |                   ,  0.23,  0.97
 1,              rand,10,  0.39,  0.15,     ----*---        |                   ,  0.23,  0.97
 1,              bonr,50,  0.39,  0.15,     ----*---        |                   ,  0.23,  0.97
 1,              bonr,60,  0.39,  0.26, --------*----       |                   ,  0.23,  0.97
 1,              bonr,20,  0.42,  0.17,     ------*--       |                   ,  0.23,  0.97
 1,              bonr,80,  0.42,  0.15,     ------*-        |                   ,  0.23,  0.97
#
 2,         SNEAK_v1,259,  0.45,  0.22, -----------*        |                   ,  0.23,  0.97
 2,              bonr,10,  0.45,  0.20,     -------*---     |                   ,  0.23,  0.97
#
 3,                 b,10,  0.46,  0.22,           --*-------|-                  ,  0.23,  0.97
 3,                rrp,5,  0.46,  0.18,           --*-------|                   ,  0.23,  0.97
#
 4,             base,259,  0.72,  0.18,                     |-----*--           ,  0.23,  0.97
 4,           SNEAK_v0,0,  0.77,  0.26,                     |--------*----      ,  0.23,  0.97
