date : May/05/2024 23:11:01,
file : ../data/SS-I.csv,
repeats  : 20,
seed : 31210,
rows : 1080,
cols : 7,
best : 0.0,
tiny : 0.05
#base #SNEAK_v0 #SNEAK_v1 #2rrp #rrp #b10 #bonr10 #rand10 #b20 #bonr20 #rand20 #b30 #bonr30 #rand30 #b40 #bonr40 #rand40 #b50 #bonr50 #rand50 #b60 #bonr60 #rand60 #b70 #bonr70 #rand70 #b80 #bonr80 #rand80 
#report29
#
 0,                 b,70,  0.01,  0.22, *----------         |                   ,  0.00,  0.77
 0,              rand,80,  0.01,  0.02, *                   |                   ,  0.00,  0.77
 0,              rand,60,  0.02,  0.03, *                   |                   ,  0.00,  0.77
 0,              rand,50,  0.02,  0.04, *-                  |                   ,  0.00,  0.77
 0,              rand,70,  0.02,  0.04, -*                  |                   ,  0.00,  0.77
#
 1,                 b,30,  0.02,  0.24, -*----------        |                   ,  0.00,  0.77
 1,                 b,80,  0.03,  0.23, -*----------        |                   ,  0.00,  0.77
 1,              rand,40,  0.03,  0.03,  *                  |                   ,  0.00,  0.77
 1,              rand,30,  0.05,  0.22, --*---------        |                   ,  0.00,  0.77
 1,                 b,50,  0.06,  0.23, ---*--------        |                   ,  0.00,  0.77
 1,              rand,20,  0.12,  0.22,  -----*------       |                   ,  0.00,  0.77
 1,              bonr,60,  0.14,  0.22,  ------*-----       |                   ,  0.00,  0.77
 1,              2rrp,11,  0.20,  0.23, ----------*-        |                   ,  0.00,  0.77
 1,                 b,40,  0.20,  0.23, ----------*-        |                   ,  0.00,  0.77
 1,                 b,60,  0.21,  0.22,  ---------*-        |                   ,  0.00,  0.77
#
 2,              bonr,30,  0.21,  0.15,       ----*---      |                   ,  0.00,  0.77
 2,                 b,10,  0.22,  0.20,   ---------*        |                   ,  0.00,  0.77
 2,              rand,10,  0.22,  0.15,      ------*-       |                   ,  0.00,  0.77
 2,         SNEAK_v1,113,  0.23,  0.09,           -*---     |                   ,  0.00,  0.77
 2,              bonr,70,  0.23,  0.20,   ----------*       |                   ,  0.00,  0.77
 2,              bonr,20,  0.24,  0.19,      -------*--     |                   ,  0.00,  0.77
 2,                 b,20,  0.24,  0.05,           --*       |                   ,  0.00,  0.77
 2,              bonr,80,  0.24,  0.22,   ----------*-      |                   ,  0.00,  0.77
#
 3,              bonr,40,  0.24,  0.16,       ------*-      |                   ,  0.00,  0.77
 3,                rrp,6,  0.25,  0.03,             *       |                   ,  0.00,  0.77
 3,              bonr,10,  0.25,  0.09,            -*--     |                   ,  0.00,  0.77
 3,              bonr,50,  0.26,  0.21,      --------*--    |                   ,  0.00,  0.77
#
 4,            base,1080,  0.36,  0.15,                ---*-|--                 ,  0.00,  0.77
 4,          SNEAK_v0,46,  0.36,  0.19,               ----*-|--                 ,  0.00,  0.77
