date : May/05/2024 23:11:36,
file : ../data/SS-J.csv,
repeats  : 20,
seed : 31210,
rows : 3840,
cols : 8,
best : 0.02,
tiny : 0.07
#base #SNEAK_v0 #SNEAK_v1 #2rrp #rrp #b10 #bonr10 #rand10 #b20 #bonr20 #rand20 #b30 #bonr30 #rand30 #b40 #bonr40 #rand40 #b50 #bonr50 #rand50 #b60 #bonr60 #rand60 #b70 #bonr70 #rand70 #b80 #bonr80 #rand80 
#report29
#
 0,        SNEAK_v1,3840,  0.02,  0.00, *                   |                   ,  0.02,  0.86
#
 1,              rand,80,  0.06,  0.02,  *                  |                   ,  0.02,  0.86
#
 2,              rand,70,  0.06,  0.02,  *                  |                   ,  0.02,  0.86
 2,              rand,40,  0.06,  0.03, -*                  |                   ,  0.02,  0.86
 2,              rand,60,  0.06,  0.02,  *                  |                   ,  0.02,  0.86
 2,              rand,50,  0.06,  0.03,  *                  |                   ,  0.02,  0.86
#
 3,                 b,70,  0.07,  0.46,  -*-----------------|--                 ,  0.02,  0.86
 3,                 b,30,  0.07,  0.17,  -*------           |                   ,  0.02,  0.86
 3,                 b,60,  0.07,  0.26,  -*----------       |                   ,  0.02,  0.86
 3,              rand,30,  0.07,  0.02,  -*                 |                   ,  0.02,  0.86
 3,              2rrp,12,  0.08,  0.15,  -*-----            |                   ,  0.02,  0.86
 3,              rand,20,  0.08,  0.02,   *                 |                   ,  0.02,  0.86
 3,                rrp,6,  0.09,  0.17,   *-------          |                   ,  0.02,  0.86
#
 4,           SNEAK_v0,0,  0.10,  0.55,  --*----------------|------             ,  0.02,  0.86
 4,                 b,50,  0.20,  0.24,  -------*---        |                   ,  0.02,  0.86
 4,                 b,40,  0.20,  0.24,  -------*---        |                   ,  0.02,  0.86
 4,                 b,20,  0.22,  0.53,  --------*----------|-----              ,  0.02,  0.86
 4,              bonr,70,  0.22,  0.21,    ------*---       |                   ,  0.02,  0.86
 4,              bonr,80,  0.22,  0.25,   -------*----      |                   ,  0.02,  0.86
 4,                 b,80,  0.23,  0.45,  ---------*---------|-                  ,  0.02,  0.86
 4,              bonr,30,  0.25,  0.28,    -------*-----    |                   ,  0.02,  0.86
 4,              rand,10,  0.26,  0.23,   ---------*-       |                   ,  0.02,  0.86
 4,              bonr,60,  0.26,  0.21,   ---------*-       |                   ,  0.02,  0.86
 4,                 b,10,  0.28,  0.27,   ----------*--     |                   ,  0.02,  0.86
 4,              bonr,50,  0.28,  0.45,    ---------*-------|----               ,  0.02,  0.86
 4,              bonr,40,  0.30,  0.39,     --------*-------|-                  ,  0.02,  0.86
 4,              bonr,10,  0.30,  0.25,          ----*------|                   ,  0.02,  0.86
 4,              bonr,20,  0.30,  0.37,         -----*------|-----              ,  0.02,  0.86
#
 5,            base,3840,  0.59,  0.33,               ------|------*--          ,  0.02,  0.86
