date : May/05/2024 23:13:10,
file : ../data/SS-K.csv,
repeats  : 20,
seed : 31210,
rows : 2880,
cols : 8,
best : 0.01,
tiny : 0.06
#base #SNEAK_v0 #SNEAK_v1 #2rrp #rrp #b10 #bonr10 #rand10 #b20 #bonr20 #rand20 #b30 #bonr30 #rand30 #b40 #bonr40 #rand40 #b50 #bonr50 #rand50 #b60 #bonr60 #rand60 #b70 #bonr70 #rand70 #b80 #bonr80 #rand80 
#report29
#
 0,              rand,70,  0.06,  0.07,  -*--               |                   ,  0.01,  0.71
#
 1,              rand,80,  0.08,  0.04,    *-               |                   ,  0.01,  0.71
 1,              rand,50,  0.11,  0.10,    --*---           |                   ,  0.01,  0.71
 1,              rand,60,  0.13,  0.11,    ---*---          |                   ,  0.01,  0.71
#
 2,              rand,40,  0.14,  0.09,    ----*            |                   ,  0.01,  0.71
#
 3,              2rrp,12,  0.15,  0.19,      --*---------   |                   ,  0.01,  0.71
#
 4,              rand,30,  0.16,  0.07,       --*-          |                   ,  0.01,  0.71
 4,              rand,20,  0.21,  0.14,         ---*----    |                   ,  0.01,  0.71
 4,                rrp,6,  0.25,  0.19,        ------*----  |                   ,  0.01,  0.71
 4,         SNEAK_v1,586,  0.25,  0.35,        ------*------|------             ,  0.01,  0.71
 4,                 b,50,  0.26,  0.29,    ----------*----- |                   ,  0.01,  0.71
 4,                 b,30,  0.27,  0.17,         ------*---  |                   ,  0.01,  0.71
 4,              bonr,30,  0.28,  0.17,          ------*--- |                   ,  0.01,  0.71
 4,              bonr,40,  0.28,  0.21,       ---------*--  |                   ,  0.01,  0.71
 4,                 b,70,  0.28,  0.21,      ----------*-   |                   ,  0.01,  0.71
 4,              bonr,80,  0.30,  0.08,               --*-- |                   ,  0.01,  0.71
 4,                 b,40,  0.31,  0.21,       ----------*-  |                   ,  0.01,  0.71
#
 5,                 b,60,  0.31,  0.22,       -----------*- |                   ,  0.01,  0.71
 5,                 b,80,  0.31,  0.31,   ---------------*- |                   ,  0.01,  0.71
 5,                 b,10,  0.32,  0.19,               ---*--|----               ,  0.01,  0.71
 5,              bonr,70,  0.33,  0.09,               ----* |                   ,  0.01,  0.71
 5,              bonr,60,  0.33,  0.10,                ---*-|                   ,  0.01,  0.71
 5,              rand,10,  0.33,  0.06,                 --* |                   ,  0.01,  0.71
 5,              bonr,20,  0.34,  0.17,              -----*-|--                 ,  0.01,  0.71
 5,                 b,20,  0.35,  0.26,             -------*|------             ,  0.01,  0.71
 5,              bonr,50,  0.35,  0.14,               -----*|-                  ,  0.01,  0.71
 5,              bonr,10,  0.37,  0.17,                -----*----               ,  0.01,  0.71
#
 6,            base,2880,  0.52,  0.25,                     |--------*------    ,  0.01,  0.71
#
 7,          SNEAK_v0,44,  0.65,  0.09,                     |             --*-- ,  0.01,  0.71
