date : May/05/2024 23:15:07,
file : ../data/Wine_quality.csv,
repeats  : 20,
seed : 31210,
rows : 1599,
cols : 12,
best : 0.15,
tiny : 0.03
#base #SNEAK_v0 #SNEAK_v1 #2rrp #rrp #b10 #bonr10 #rand10 #b20 #bonr20 #rand20 #b30 #bonr30 #rand30 #b40 #bonr40 #rand40 #b50 #bonr50 #rand50 #b60 #bonr60 #rand60 #b70 #bonr70 #rand70 #b80 #bonr80 #rand80 
#report29
#
 0,          SNEAK_v1,72,  0.20,  0.08,     *-------        |                   ,  0.15,  0.58
 0,              rand,60,  0.22,  0.07,       *------       |                   ,  0.15,  0.58
 0,              rand,70,  0.22,  0.11,    ---*------       |                   ,  0.15,  0.58
 0,              rand,80,  0.22,  0.04,     --*-            |                   ,  0.15,  0.58
#
 1,              rand,40,  0.24,  0.07,       --*----       |                   ,  0.15,  0.58
 1,                 b,80,  0.24,  0.11,    -----*----       |                   ,  0.15,  0.58
 1,              bonr,40,  0.27,  0.08,       ----*--       |                   ,  0.15,  0.58
 1,              bonr,50,  0.27,  0.10,     ------*---      |                   ,  0.15,  0.58
 1,              rand,50,  0.27,  0.07,       ----*--       |                   ,  0.15,  0.58
 1,              bonr,80,  0.28,  0.10,     -------*-       |                   ,  0.15,  0.58
#
 2,              rand,20,  0.28,  0.06,         ----*-      |                   ,  0.15,  0.58
 2,                 b,30,  0.29,  0.08,       -------*      |                   ,  0.15,  0.58
 2,              bonr,30,  0.29,  0.05,         -----*      |                   ,  0.15,  0.58
 2,              rand,30,  0.29,  0.03,           ---*      |                   ,  0.15,  0.58
 2,                 b,40,  0.29,  0.10,     ---------*      |                   ,  0.15,  0.58
 2,                 b,50,  0.29,  0.09,     ---------*      |                   ,  0.15,  0.58
 2,                 b,60,  0.29,  0.06,         -----*      |                   ,  0.15,  0.58
 2,              bonr,60,  0.29,  0.06,         -----*      |                   ,  0.15,  0.58
 2,              bonr,20,  0.30,  0.12,    ----------*      |                   ,  0.15,  0.58
 2,                 b,70,  0.30,  0.02,             -*      |                   ,  0.15,  0.58
 2,              bonr,70,  0.30,  0.07,        ------*      |                   ,  0.15,  0.58
#
 3,              2rrp,11,  0.30,  0.03,              *-     |                   ,  0.15,  0.58
 3,                 b,20,  0.30,  0.04,           ---*      |                   ,  0.15,  0.58
 3,              bonr,10,  0.31,  0.03,              -*-    |                   ,  0.15,  0.58
 3,              rand,10,  0.31,  0.04,              -*--   |                   ,  0.15,  0.58
 3,                rrp,6,  0.32,  0.08,              --*----|                   ,  0.15,  0.58
 3,                 b,10,  0.32,  0.03,              --*    |                   ,  0.15,  0.58
#
 4,            base,1599,  0.44,  0.10,                    -|-----*-            ,  0.15,  0.58
 4,          SNEAK_v0,38,  0.44,  0.06,                     |   ---*-           ,  0.15,  0.58
