date : May/05/2024 23:18:03,
file : ../data/new/Dune.csv,
repeats  : 20,
seed : 31210,
rows : 2304,
cols : 12,
best : 0.0,
tiny : 0.02
#base #SNEAK_v0 #SNEAK_v1 #2rrp #rrp #b10 #bonr10 #rand10 #b20 #bonr20 #rand20 #b30 #bonr30 #rand30 #b40 #bonr40 #rand40 #b50 #bonr50 #rand50 #b60 #bonr60 #rand60 #b70 #bonr70 #rand70 #b80 #bonr80 #rand80 
#report29
#
 0,        SNEAK_v1,2304,  0.04,  0.04, -------*            |                   ,  0.00,  0.21
 0,                 b,30,  0.04,  0.00,        *            |                   ,  0.00,  0.21
#
 1,                 b,60,  0.04,  0.00,        *            |                   ,  0.00,  0.21
 1,                 b,80,  0.04,  0.00,        *            |                   ,  0.00,  0.21
 1,                 b,70,  0.04,  0.00,        *            |                   ,  0.00,  0.21
 1,              rand,80,  0.04,  0.00,        *            |                   ,  0.00,  0.21
#
 2,                 b,20,  0.04,  0.00,        *            |                   ,  0.00,  0.21
 2,              rand,60,  0.04,  0.00,        *            |                   ,  0.00,  0.21
 2,              rand,70,  0.04,  0.00,        *            |                   ,  0.00,  0.21
 2,                 b,50,  0.04,  0.00,        *            |                   ,  0.00,  0.21
 2,              2rrp,12,  0.04,  0.00,        *            |                   ,  0.00,  0.21
#
 3,                 b,40,  0.04,  0.01,        -*           |                   ,  0.00,  0.21
 3,              rand,40,  0.04,  0.01,        -*           |                   ,  0.00,  0.21
 3,              rand,50,  0.04,  0.00,        -*           |                   ,  0.00,  0.21
 3,                 b,10,  0.04,  0.01,         *-          |                   ,  0.00,  0.21
 3,              rand,20,  0.04,  0.01,        -*           |                   ,  0.00,  0.21
 3,              bonr,80,  0.04,  0.01,         *-          |                   ,  0.00,  0.21
 3,              bonr,70,  0.04,  0.00,        -*           |                   ,  0.00,  0.21
 3,              rand,30,  0.05,  0.01,         *           |                   ,  0.00,  0.21
 3,              bonr,30,  0.05,  0.01,         *           |                   ,  0.00,  0.21
#
 4,              bonr,60,  0.05,  0.01,         *-          |                   ,  0.00,  0.21
 4,              bonr,40,  0.05,  0.01,        -*           |                   ,  0.00,  0.21
 4,              bonr,50,  0.05,  0.01,         *-          |                   ,  0.00,  0.21
#
 5,              bonr,20,  0.05,  0.02,        -*--         |                   ,  0.00,  0.21
 5,              rand,10,  0.05,  0.01,         -*-         |                   ,  0.00,  0.21
 5,                rrp,6,  0.05,  0.01,         -*          |                   ,  0.00,  0.21
#
 6,              bonr,10,  0.06,  0.03,          -*----     |                   ,  0.00,  0.21
#
 7,           SNEAK_v0,0,  0.10,  0.06,           --------*-|                   ,  0.00,  0.21
#
 8,            base,2304,  0.11,  0.04,                -----*--                 ,  0.00,  0.21
date : May/05/2024 23:19:11,
file : ../data/new/HSMGP_num.csv,
repeats  : 20,
seed : 31210,
rows : 3456,
cols : 15,
best : 0.0,
tiny : 0.07
#base #SNEAK_v0 #SNEAK_v1 #2rrp #rrp #b10 #bonr10 #rand10 #b20 #bonr20 #rand20 #b30 #bonr30 #rand30 #b40 #bonr40 #rand40 #b50 #bonr50 #rand50 #b60 #bonr60 #rand60 #b70 #bonr70 #rand70 #b80 #bonr80 #rand80 
#report29
#
 0,                 b,50,  0.00,  0.01, *                   |                   ,  0.00,  0.81
 0,                 b,70,  0.00,  0.01, *                   |                   ,  0.00,  0.81
 0,                 b,80,  0.00,  0.02, *                   |                   ,  0.00,  0.81
 0,              rand,70,  0.00,  0.00, *                   |                   ,  0.00,  0.81
 0,              rand,80,  0.00,  0.01, *                   |                   ,  0.00,  0.81
 0,              rand,60,  0.00,  0.00, *                   |                   ,  0.00,  0.81
 0,              rand,40,  0.00,  0.01, *                   |                   ,  0.00,  0.81
#
 1,                 b,10,  0.01,  0.01, *                   |                   ,  0.00,  0.81
 1,              rand,50,  0.01,  0.01, *                   |                   ,  0.00,  0.81
 1,                 b,20,  0.01,  0.02, *                   |                   ,  0.00,  0.81
 1,                 b,30,  0.01,  0.02, *                   |                   ,  0.00,  0.81
 1,                 b,60,  0.01,  0.02, *                   |                   ,  0.00,  0.81
 1,                 b,40,  0.01,  0.01, *                   |                   ,  0.00,  0.81
 1,              2rrp,12,  0.01,  0.00, *                   |                   ,  0.00,  0.81
 1,              rand,30,  0.01,  0.01, *                   |                   ,  0.00,  0.81
#
 2,              bonr,60,  0.01,  0.02, *                   |                   ,  0.00,  0.81
 2,              bonr,40,  0.01,  0.02, *                   |                   ,  0.00,  0.81
 2,              bonr,50,  0.01,  0.01, *                   |                   ,  0.00,  0.81
 2,              rand,20,  0.01,  0.01, *                   |                   ,  0.00,  0.81
 2,              bonr,70,  0.01,  0.01, *                   |                   ,  0.00,  0.81
 2,         SNEAK_v1,124,  0.01,  0.02, *                   |                   ,  0.00,  0.81
#
 3,              bonr,80,  0.01,  0.02, *                   |                   ,  0.00,  0.81
 3,                rrp,6,  0.02,  0.01, *                   |                   ,  0.00,  0.81
 3,              bonr,10,  0.02,  0.01, *                   |                   ,  0.00,  0.81
 3,              rand,10,  0.02,  0.01, *                   |                   ,  0.00,  0.81
 3,              bonr,20,  0.02,  0.01, *                   |                   ,  0.00,  0.81
 3,              bonr,30,  0.02,  0.02, *                   |                   ,  0.00,  0.81
#
 4,            base,3456,  0.05,  0.04,  -*                 |                   ,  0.00,  0.81
#
 5,          SNEAK_v0,24,  0.48,  0.40,                 ----|--*------------    ,  0.00,  0.81
