date : May/05/2024 23:21:43,
file : ../data/new/rs-6d-c3_obj1.csv,
repeats  : 20,
seed : 31210,
rows : 3840,
cols : 7,
best : 0.0,
tiny : 0.1
#base #SNEAK_v0 #SNEAK_v1 #2rrp #rrp #b10 #bonr10 #rand10 #b20 #bonr20 #rand20 #b30 #bonr30 #rand30 #b40 #bonr40 #rand40 #b50 #bonr50 #rand50 #b60 #bonr60 #rand60 #b70 #bonr70 #rand70 #b80 #bonr80 #rand80 
#report29
#
 0,         SNEAK_v1,866,  0.00,  0.00, *                   |                   ,  0.00,  0.87
#
 1,                 b,80,  0.00,  0.00, *                   |                   ,  0.00,  0.87
 1,              rand,70,  0.00,  0.00, *                   |                   ,  0.00,  0.87
 1,              rand,80,  0.00,  0.00, *                   |                   ,  0.00,  0.87
 1,              rand,60,  0.00,  0.00, *                   |                   ,  0.00,  0.87
 1,                 b,40,  0.00,  0.00, *                   |                   ,  0.00,  0.87
 1,                 b,50,  0.00,  0.03, *                   |                   ,  0.00,  0.87
 1,                 b,30,  0.00,  0.03, *                   |                   ,  0.00,  0.87
 1,                 b,70,  0.00,  0.01, *                   |                   ,  0.00,  0.87
 1,              rand,40,  0.00,  0.00, *                   |                   ,  0.00,  0.87
 1,              rand,30,  0.00,  0.00, *                   |                   ,  0.00,  0.87
 1,              rand,50,  0.00,  0.00, *                   |                   ,  0.00,  0.87
 1,                 b,20,  0.00,  0.03, *                   |                   ,  0.00,  0.87
#
 2,              bonr,80,  0.00,  0.03, *                   |                   ,  0.00,  0.87
 2,              2rrp,12,  0.00,  0.01, *                   |                   ,  0.00,  0.87
 2,              bonr,20,  0.00,  0.01, *                   |                   ,  0.00,  0.87
 2,              rand,20,  0.00,  0.01, *                   |                   ,  0.00,  0.87
 2,              bonr,30,  0.00,  0.00, *                   |                   ,  0.00,  0.87
 2,              bonr,60,  0.00,  0.02, *                   |                   ,  0.00,  0.87
 2,                 b,60,  0.00,  0.01, *                   |                   ,  0.00,  0.87
 2,              bonr,40,  0.00,  0.01, *                   |                   ,  0.00,  0.87
 2,              bonr,50,  0.00,  0.03, *                   |                   ,  0.00,  0.87
 2,              bonr,70,  0.00,  0.02, *                   |                   ,  0.00,  0.87
 2,              bonr,10,  0.00,  0.03, *                   |                   ,  0.00,  0.87
#
 3,                 b,10,  0.00,  0.02, *                   |                   ,  0.00,  0.87
#
 4,                rrp,6,  0.01,  0.05, *-                  |                   ,  0.00,  0.87
 4,              rand,10,  0.02,  0.06, *-                  |                   ,  0.00,  0.87
#
 5,            base,3840,  0.16,  0.28,   -----*-------     |                   ,  0.00,  0.87
#
 6,          SNEAK_v0,34,  0.50,  0.29,              -------|-*---              ,  0.00,  0.87
