date : May/05/2024 23:26:38,
file : ../data/new/sol-6d-c2-obj1.csv,
repeats  : 20,
seed : 31210,
rows : 2866,
cols : 7,
best : 0.0,
tiny : 0.07
#base #SNEAK_v0 #SNEAK_v1 #2rrp #rrp #b10 #bonr10 #rand10 #b20 #bonr20 #rand20 #b30 #bonr30 #rand30 #b40 #bonr40 #rand40 #b50 #bonr50 #rand50 #b60 #bonr60 #rand60 #b70 #bonr70 #rand70 #b80 #bonr80 #rand80 
#report29
#
 0,                 b,20,  0.01,  0.00, *                   |                   ,  0.00,  0.56
 0,                 b,40,  0.01,  0.00, *                   |                   ,  0.00,  0.56
 0,                 b,50,  0.01,  0.00, *                   |                   ,  0.00,  0.56
 0,                 b,70,  0.01,  0.00, *                   |                   ,  0.00,  0.56
 0,                 b,60,  0.01,  0.00, *                   |                   ,  0.00,  0.56
 0,                 b,80,  0.01,  0.01, *                   |                   ,  0.00,  0.56
 0,                 b,30,  0.01,  0.00, *                   |                   ,  0.00,  0.56
 0,              rand,80,  0.01,  0.00, -*                  |                   ,  0.00,  0.56
 0,              rand,60,  0.01,  0.00, -*                  |                   ,  0.00,  0.56
 0,              rand,40,  0.01,  0.00, -*                  |                   ,  0.00,  0.56
 0,              rand,70,  0.01,  0.00, -*                  |                   ,  0.00,  0.56
#
 1,              2rrp,12,  0.01,  0.00, -*                  |                   ,  0.00,  0.56
 1,              rand,50,  0.02,  0.00, -*                  |                   ,  0.00,  0.56
 1,                rrp,6,  0.02,  0.00, -*                  |                   ,  0.00,  0.56
 1,              rand,20,  0.02,  0.00, -*                  |                   ,  0.00,  0.56
 1,              rand,30,  0.02,  0.00, -*                  |                   ,  0.00,  0.56
 1,         SNEAK_v1,662,  0.02,  0.00, -*                  |                   ,  0.00,  0.56
 1,                 b,10,  0.02,  0.00,  *                  |                   ,  0.00,  0.56
 1,              bonr,80,  0.02,  0.03, -*-                 |                   ,  0.00,  0.56
#
 2,              rand,10,  0.02,  0.01,  *                  |                   ,  0.00,  0.56
 2,              bonr,40,  0.02,  0.02,  *                  |                   ,  0.00,  0.56
 2,              bonr,30,  0.02,  0.02,  *                  |                   ,  0.00,  0.56
 2,              bonr,60,  0.02,  0.02,  *                  |                   ,  0.00,  0.56
 2,              bonr,20,  0.02,  0.03,  *-                 |                   ,  0.00,  0.56
#
 3,              bonr,70,  0.03,  0.03,  -*                 |                   ,  0.00,  0.56
 3,              bonr,50,  0.03,  0.02,  -*                 |                   ,  0.00,  0.56
 3,              bonr,10,  0.04,  0.03,  -*                 |                   ,  0.00,  0.56
#
 4,            base,2866,  0.19,  0.30,    ----------*------|---                ,  0.00,  0.56
 4,          SNEAK_v0,42,  0.22,  0.32,    ------------*----|-----              ,  0.00,  0.56