date : May/05/2024 23:28:27,
file : ../data/new/sol-6d-c2-obj2.csv,
repeats  : 20,
seed : 31210,
rows : 2862,
cols : 7,
best : 0.0,
tiny : 0.06
#base #SNEAK_v0 #SNEAK_v1 #2rrp #rrp #b10 #bonr10 #rand10 #b20 #bonr20 #rand20 #b30 #bonr30 #rand30 #b40 #bonr40 #rand40 #b50 #bonr50 #rand50 #b60 #bonr60 #rand60 #b70 #bonr70 #rand70 #b80 #bonr80 #rand80 
#report29
#
 0,                 b,60,  0.00,  0.00, *                   |                   ,  0.00,  0.49
 0,                 b,20,  0.00,  0.00, *                   |                   ,  0.00,  0.49
 0,                 b,40,  0.00,  0.00, *                   |                   ,  0.00,  0.49
 0,              rand,60,  0.00,  0.00, *                   |                   ,  0.00,  0.49
 0,              rand,70,  0.00,  0.00, *                   |                   ,  0.00,  0.49
 0,                 b,50,  0.00,  0.00, *                   |                   ,  0.00,  0.49
 0,                 b,70,  0.00,  0.00, *                   |                   ,  0.00,  0.49
 0,              rand,80,  0.00,  0.00, *                   |                   ,  0.00,  0.49
 0,              rand,40,  0.00,  0.00, *                   |                   ,  0.00,  0.49
 0,              bonr,50,  0.00,  0.00, *                   |                   ,  0.00,  0.49
 0,              rand,30,  0.00,  0.00, *                   |                   ,  0.00,  0.49
 0,              bonr,30,  0.00,  0.00, *                   |                   ,  0.00,  0.49
 0,              rand,50,  0.00,  0.00, *                   |                   ,  0.00,  0.49
 0,              bonr,60,  0.00,  0.00, *                   |                   ,  0.00,  0.49
 0,         SNEAK_v1,136,  0.00,  0.00, *                   |                   ,  0.00,  0.49
 0,                 b,30,  0.00,  0.00, *                   |                   ,  0.00,  0.49
 0,              bonr,70,  0.00,  0.00, *                   |                   ,  0.00,  0.49
 0,                 b,80,  0.00,  0.00, *                   |                   ,  0.00,  0.49
 0,              bonr,80,  0.00,  0.00, *                   |                   ,  0.00,  0.49
 0,              rand,20,  0.00,  0.00, *                   |                   ,  0.00,  0.49
 0,              bonr,40,  0.00,  0.00, *                   |                   ,  0.00,  0.49
 0,              bonr,10,  0.00,  0.00, *                   |                   ,  0.00,  0.49
 0,              2rrp,12,  0.00,  0.00, *                   |                   ,  0.00,  0.49
 0,              bonr,20,  0.00,  0.00, *                   |                   ,  0.00,  0.49
 0,              rand,10,  0.00,  0.00, *                   |                   ,  0.00,  0.49
 0,                rrp,6,  0.00,  0.00, *                   |                   ,  0.00,  0.49
 0,                 b,10,  0.00,  0.00, *                   |                   ,  0.00,  0.49
#
 1,            base,2862,  0.00,  0.03, *-                  |                   ,  0.00,  0.49
 1,          SNEAK_v0,44,  0.01,  0.03, -*                  |                   ,  0.00,  0.49
