date : May/05/2024 23:35:35,
file : ../data/new/SS-A.csv,
repeats  : 20,
seed : 31210,
rows : 864,
cols : 20,
best : 0.0,
tiny : 0.12
#base #SNEAK_v0 #SNEAK_v1 #2rrp #rrp #b10 #bonr10 #rand10 #b20 #bonr20 #rand20 #b30 #bonr30 #rand30 #b40 #bonr40 #rand40 #b50 #bonr50 #rand50 #b60 #bonr60 #rand60 #b70 #bonr70 #rand70 #b80 #bonr80 #rand80 
#report29
#
 0,                 b,50,  0.00,  0.00, *                   |                   ,  0.00,  0.94
 0,                 b,40,  0.00,  0.00, *                   |                   ,  0.00,  0.94
 0,                 b,70,  0.00,  0.00, *                   |                   ,  0.00,  0.94
 0,                 b,80,  0.00,  0.00, *                   |                   ,  0.00,  0.94
 0,                 b,20,  0.00,  0.00, *                   |                   ,  0.00,  0.94
 0,                 b,30,  0.00,  0.00, *                   |                   ,  0.00,  0.94
 0,                 b,60,  0.00,  0.00, *                   |                   ,  0.00,  0.94
 0,              rand,70,  0.00,  0.00, *                   |                   ,  0.00,  0.94
 0,              rand,80,  0.00,  0.00, *                   |                   ,  0.00,  0.94
 0,              rand,50,  0.00,  0.00, *                   |                   ,  0.00,  0.94
 0,              rand,60,  0.00,  0.00, *                   |                   ,  0.00,  0.94
 0,              rand,30,  0.00,  0.01, *                   |                   ,  0.00,  0.94
 0,              rand,40,  0.01,  0.00, *                   |                   ,  0.00,  0.94
 0,                 b,10,  0.01,  0.01, *                   |                   ,  0.00,  0.94
 0,              rand,20,  0.01,  0.00, *                   |                   ,  0.00,  0.94
 0,              bonr,30,  0.01,  0.00, *                   |                   ,  0.00,  0.94
 0,              bonr,40,  0.01,  0.00, *                   |                   ,  0.00,  0.94
 0,              bonr,70,  0.01,  0.01, *                   |                   ,  0.00,  0.94
 0,              bonr,50,  0.01,  0.00, *                   |                   ,  0.00,  0.94
#
 1,              rand,10,  0.01,  0.01, *                   |                   ,  0.00,  0.94
 1,              bonr,80,  0.01,  0.01, *                   |                   ,  0.00,  0.94
 1,              bonr,60,  0.01,  0.01, *                   |                   ,  0.00,  0.94
 1,          SNEAK_v1,72,  0.01,  0.09, *---                |                   ,  0.00,  0.94
 1,              bonr,10,  0.01,  0.01, *                   |                   ,  0.00,  0.94
 1,              bonr,20,  0.01,  0.01, *                   |                   ,  0.00,  0.94
 1,              2rrp,10,  0.01,  0.04, *                   |                   ,  0.00,  0.94
 1,                rrp,5,  0.01,  0.10, *---                |                   ,  0.00,  0.94
#
 2,             base,864,  0.11,  0.22,     *--------       |                   ,  0.00,  0.94
 2,          SNEAK_v0,20,  0.32,  0.72,     ---------*------|--------------     ,  0.00,  0.94
