date : May/05/2024 23:36:02,
file : ../data/new/SS-B.csv,
repeats  : 20,
seed : 31210,
rows : 972,
cols : 13,
best : 0.12,
tiny : 0.04
#base #SNEAK_v0 #SNEAK_v1 #2rrp #rrp #b10 #bonr10 #rand10 #b20 #bonr20 #rand20 #b30 #bonr30 #rand30 #b40 #bonr40 #rand40 #b50 #bonr50 #rand50 #b60 #bonr60 #rand60 #b70 #bonr70 #rand70 #b80 #bonr80 #rand80 
#report29
#
 0,         SNEAK_v1,972,  0.12,  0.00, *                   |                   ,  0.12,  0.65
 0,              rand,60,  0.14,  0.03, -*-                 |                   ,  0.12,  0.65
 0,                 b,70,  0.14,  0.04, -*-                 |                   ,  0.12,  0.65
 0,                 b,30,  0.15,  0.05, --*-                |                   ,  0.12,  0.65
 0,                 b,60,  0.15,  0.03, --*                 |                   ,  0.12,  0.65
 0,                 b,80,  0.15,  0.03, --*                 |                   ,  0.12,  0.65
 0,                 b,40,  0.15,  0.04, --*                 |                   ,  0.12,  0.65
 0,              rand,50,  0.15,  0.04,  -*-                |                   ,  0.12,  0.65
#
 1,                 b,50,  0.16,  0.04,   *-                |                   ,  0.12,  0.65
 1,              rand,70,  0.16,  0.04, --*                 |                   ,  0.12,  0.65
 1,              rand,80,  0.16,  0.04, --*                 |                   ,  0.12,  0.65
#
 2,                 b,10,  0.17,  0.09,   -*-----           |                   ,  0.12,  0.65
 2,              rand,30,  0.18,  0.04,   --*               |                   ,  0.12,  0.65
 2,              rand,40,  0.18,  0.03,    -*               |                   ,  0.12,  0.65
 2,                 b,20,  0.18,  0.08,   --*---            |                   ,  0.12,  0.65
#
 3,              rand,20,  0.19,  0.06,    -*--             |                   ,  0.12,  0.65
 3,              bonr,80,  0.20,  0.06,     --*-            |                   ,  0.12,  0.65
#
 4,              bonr,60,  0.21,  0.05,     --*-            |                   ,  0.12,  0.65
 4,              bonr,40,  0.21,  0.08,    ---*--           |                   ,  0.12,  0.65
 4,              bonr,30,  0.21,  0.13,    ----*-----       |                   ,  0.12,  0.65
 4,              rand,10,  0.22,  0.07,     ---*-           |                   ,  0.12,  0.65
 4,              bonr,70,  0.22,  0.06,      --*--          |                   ,  0.12,  0.65
#
 5,              bonr,50,  0.23,  0.07,     ----*           |                   ,  0.12,  0.65
 5,              2rrp,10,  0.24,  0.10,     ----*--         |                   ,  0.12,  0.65
 5,              bonr,20,  0.25,  0.07,       ---*-         |                   ,  0.12,  0.65
 5,                rrp,5,  0.25,  0.06,       ---*-         |                   ,  0.12,  0.65
 5,              bonr,10,  0.26,  0.10,        ---*----     |                   ,  0.12,  0.65
#
 6,           SNEAK_v0,0,  0.28,  0.11,         ----*---    |                   ,  0.12,  0.65
#
 7,             base,972,  0.36,  0.13,              -----*-|--                 ,  0.12,  0.65
