date : May/05/2024 23:36:28,
file : ../data/new/SS-C.csv,
repeats  : 20,
seed : 31210,
rows : 1023,
cols : 13,
best : 0.16,
tiny : 0.06
#base #SNEAK_v0 #SNEAK_v1 #2rrp #rrp #b10 #bonr10 #rand10 #b20 #bonr20 #rand20 #b30 #bonr30 #rand30 #b40 #bonr40 #rand40 #b50 #bonr50 #rand50 #b60 #bonr60 #rand60 #b70 #bonr70 #rand70 #b80 #bonr80 #rand80 
#report29
#
 0,        SNEAK_v1,1023,  0.16,  0.00, *                   |                   ,  0.16,  0.84
 0,                 b,30,  0.16,  0.02, *                   |                   ,  0.16,  0.84
 0,                 b,70,  0.16,  0.02, *                   |                   ,  0.16,  0.84
 0,                 b,50,  0.16,  0.02, *                   |                   ,  0.16,  0.84
 0,                 b,60,  0.16,  0.02, *                   |                   ,  0.16,  0.84
 0,                 b,80,  0.16,  0.02, *                   |                   ,  0.16,  0.84
 0,                 b,40,  0.17,  0.02, *                   |                   ,  0.16,  0.84
 0,                 b,20,  0.18,  0.02, -*                  |                   ,  0.16,  0.84
 0,              rand,70,  0.18,  0.02, -*                  |                   ,  0.16,  0.84
#
 1,              rand,80,  0.18,  0.02, -*                  |                   ,  0.16,  0.84
 1,              rand,60,  0.18,  0.03, -*                  |                   ,  0.16,  0.84
 1,              rand,50,  0.19,  0.03, -*                  |                   ,  0.16,  0.84
 1,              rand,40,  0.19,  0.02,  *                  |                   ,  0.16,  0.84
 1,              rand,30,  0.19,  0.02,  *                  |                   ,  0.16,  0.84
#
 2,                 b,10,  0.20,  0.26,  -*-------------    |                   ,  0.16,  0.84
 2,              bonr,50,  0.20,  0.19,   *---------        |                   ,  0.16,  0.84
 2,              2rrp,10,  0.20,  0.22,  -*-----------      |                   ,  0.16,  0.84
#
 3,              rand,20,  0.20,  0.03,  -*                 |                   ,  0.16,  0.84
#
 4,              bonr,40,  0.21,  0.19,   -*---------       |                   ,  0.16,  0.84
 4,              bonr,60,  0.21,  0.20,   -*---------       |                   ,  0.16,  0.84
 4,              bonr,70,  0.36,  0.20,   ---------*--      |                   ,  0.16,  0.84
 4,              bonr,80,  0.37,  0.18,   ----------*       |                   ,  0.16,  0.84
 4,              bonr,30,  0.37,  0.20,    ---------*-      |                   ,  0.16,  0.84
 4,              bonr,20,  0.38,  0.20,   -----------*      |                   ,  0.16,  0.84
#
 5,              bonr,10,  0.40,  0.29,   ------------*---- |                   ,  0.16,  0.84
 5,              rand,10,  0.41,  0.24,   ------------*-    |                   ,  0.16,  0.84
#
 6,                rrp,6,  0.46,  0.31,    ---------------*-|-                  ,  0.16,  0.84
#
 7,           SNEAK_v0,0,  0.65,  0.13,                     |  ------*-         ,  0.16,  0.84
#
 8,            base,1023,  0.68,  0.21,                     | --------*---      ,  0.16,  0.84
