date : May/05/2024 23:36:50,
file : ../data/new/SS-D.csv,
repeats  : 20,
seed : 31210,
rows : 2736,
cols : 16,
best : 0.04,
tiny : 0.07
#base #SNEAK_v0 #SNEAK_v1 #2rrp #rrp #b10 #bonr10 #rand10 #b20 #bonr20 #rand20 #b30 #bonr30 #rand30 #b40 #bonr40 #rand40 #b50 #bonr50 #rand50 #b60 #bonr60 #rand60 #b70 #bonr70 #rand70 #b80 #bonr80 #rand80 
#report29
#
 0,        SNEAK_v1,2736,  0.04,  0.00, *                   |                   ,  0.04,  0.80
#
 1,              rand,80,  0.05,  0.01, *                   |                   ,  0.04,  0.80
#
 2,                 b,50,  0.05,  0.06, *--                 |                   ,  0.04,  0.80
 2,              rand,60,  0.05,  0.01, *                   |                   ,  0.04,  0.80
 2,                 b,40,  0.06,  0.06, *--                 |                   ,  0.04,  0.80
 2,                 b,60,  0.06,  0.07, *---                |                   ,  0.04,  0.80
 2,              rand,70,  0.06,  0.00, *                   |                   ,  0.04,  0.80
 2,              rand,30,  0.06,  0.01, *                   |                   ,  0.04,  0.80
 2,              2rrp,12,  0.06,  0.01, *                   |                   ,  0.04,  0.80
 2,              rand,50,  0.06,  0.01, *                   |                   ,  0.04,  0.80
 2,              rand,40,  0.06,  0.02, *                   |                   ,  0.04,  0.80
#
 3,              rand,20,  0.07,  0.02,  *                  |                   ,  0.04,  0.80
 3,              bonr,80,  0.07,  0.05, -*-                 |                   ,  0.04,  0.80
 3,              bonr,20,  0.07,  0.07,  *--                |                   ,  0.04,  0.80
 3,              bonr,40,  0.07,  0.08, -*---               |                   ,  0.04,  0.80
 3,              bonr,70,  0.07,  0.05,  *--                |                   ,  0.04,  0.80
#
 4,              bonr,30,  0.08,  0.10, -*----              |                   ,  0.04,  0.80
 4,              rand,10,  0.08,  0.10, -*---               |                   ,  0.04,  0.80
 4,              bonr,60,  0.08,  0.07,  -*-                |                   ,  0.04,  0.80
 4,                 b,80,  0.11,  0.07, ---*                |                   ,  0.04,  0.80
 4,                 b,70,  0.11,  0.09, ---*-               |                   ,  0.04,  0.80
 4,                 b,30,  0.11,  0.10, ---*-               |                   ,  0.04,  0.80
 4,                rrp,6,  0.12,  0.07,  ---*               |                   ,  0.04,  0.80
 4,              bonr,50,  0.13,  0.07,  ---*               |                   ,  0.04,  0.80
 4,              bonr,10,  0.13,  0.10,  ---*-              |                   ,  0.04,  0.80
 4,                 b,20,  0.13,  0.10, ----*               |                   ,  0.04,  0.80
 4,                 b,10,  0.13,  0.12, ----*-              |                   ,  0.04,  0.80
#
 5,            base,2736,  0.43,  0.35,        -------------*----               ,  0.04,  0.80
 5,           SNEAK_v0,0,  0.63,  0.70,  -------------------|---------*-------  ,  0.04,  0.80
