date : May/05/2024 23:39:48,
file : ../data/new/SS-F.csv,
repeats  : 20,
seed : 31210,
rows : 3840,
cols : 8,
best : 0.0,
tiny : 0.07
#base #SNEAK_v0 #SNEAK_v1 #2rrp #rrp #b10 #bonr10 #rand10 #b20 #bonr20 #rand20 #b30 #bonr30 #rand30 #b40 #bonr40 #rand40 #b50 #bonr50 #rand50 #b60 #bonr60 #rand60 #b70 #bonr70 #rand70 #b80 #bonr80 #rand80 
#report29
#
 0,        SNEAK_v1,3840,  0.00,  0.00, *                   |                   ,  0.00,  0.66
#
 1,              rand,30,  0.01,  0.02, *                   |                   ,  0.00,  0.66
 1,              rand,80,  0.01,  0.01, *                   |                   ,  0.00,  0.66
#
 2,              rand,50,  0.01,  0.00, *                   |                   ,  0.00,  0.66
 2,              rand,60,  0.01,  0.01, *                   |                   ,  0.00,  0.66
#
 3,              rand,70,  0.01,  0.01, *                   |                   ,  0.00,  0.66
 3,              bonr,20,  0.02,  0.03, *                   |                   ,  0.00,  0.66
 3,              rand,40,  0.02,  0.01, *                   |                   ,  0.00,  0.66
 3,                 b,60,  0.02,  0.03, *                   |                   ,  0.00,  0.66
#
 4,              bonr,50,  0.02,  0.03, -*                  |                   ,  0.00,  0.66
 4,                 b,30,  0.02,  0.04, -*                  |                   ,  0.00,  0.66
 4,              bonr,80,  0.02,  0.02, -*                  |                   ,  0.00,  0.66
 4,                 b,70,  0.02,  0.03, -*                  |                   ,  0.00,  0.66
 4,              bonr,60,  0.02,  0.05, -*-                 |                   ,  0.00,  0.66
#
 5,              bonr,40,  0.02,  0.01,  *                  |                   ,  0.00,  0.66
 5,                 b,40,  0.03,  0.02, -*                  |                   ,  0.00,  0.66
 5,                 b,80,  0.03,  0.04, -*                  |                   ,  0.00,  0.66
 5,              bonr,70,  0.03,  0.03, -*                  |                   ,  0.00,  0.66
 5,                 b,20,  0.03,  0.04, -*-                 |                   ,  0.00,  0.66
 5,                 b,50,  0.03,  0.02, -*                  |                   ,  0.00,  0.66
 5,              bonr,10,  0.03,  0.03,  *                  |                   ,  0.00,  0.66
 5,              bonr,30,  0.03,  0.02,  *                  |                   ,  0.00,  0.66
 5,              rand,20,  0.03,  0.03, -*                  |                   ,  0.00,  0.66
 5,                 b,10,  0.03,  0.03,  *                  |                   ,  0.00,  0.66
 5,              2rrp,12,  0.03,  0.04, -*-                 |                   ,  0.00,  0.66
 5,              rand,10,  0.04,  0.08,  -*--               |                   ,  0.00,  0.66
 5,                rrp,6,  0.04,  0.04,  -*-                |                   ,  0.00,  0.66
#
 6,            base,3840,  0.12,  0.30,     ---*------------|-                  ,  0.00,  0.66
#
 7,           SNEAK_v0,0,  0.35,  0.49,       --------------*---------------    ,  0.00,  0.66
