date : May/05/2024 23:41:24,
file : ../data/new/SS-G.csv,
repeats  : 20,
seed : 31210,
rows : 5184,
cols : 14,
best : 0.03,
tiny : 0.07
#base #SNEAK_v0 #SNEAK_v1 #2rrp #rrp #b10 #bonr10 #rand10 #b20 #bonr20 #rand20 #b30 #bonr30 #rand30 #b40 #bonr40 #rand40 #b50 #bonr50 #rand50 #b60 #bonr60 #rand60 #b70 #bonr70 #rand70 #b80 #bonr80 #rand80 
#report29
#
 0,        SNEAK_v1,5184,  0.03,  0.00, *                   |                   ,  0.03,  0.73
 0,              rand,70,  0.03,  0.01, *                   |                   ,  0.03,  0.73
 0,              rand,80,  0.03,  0.01, *                   |                   ,  0.03,  0.73
#
 1,              rand,40,  0.03,  0.01, *                   |                   ,  0.03,  0.73
 1,              rand,30,  0.04,  0.02, *                   |                   ,  0.03,  0.73
 1,              rand,50,  0.04,  0.02, *                   |                   ,  0.03,  0.73
 1,                rrp,7,  0.04,  0.04, *-                  |                   ,  0.03,  0.73
 1,              rand,60,  0.04,  0.01, *                   |                   ,  0.03,  0.73
 1,              bonr,30,  0.05,  0.03, *-                  |                   ,  0.03,  0.73
#
 2,                 b,80,  0.05,  0.03, -*                  |                   ,  0.03,  0.73
 2,              rand,20,  0.05,  0.03, -*                  |                   ,  0.03,  0.73
 2,              2rrp,13,  0.05,  0.06, -*-                 |                   ,  0.03,  0.73
 2,              bonr,50,  0.06,  0.03,  *                  |                   ,  0.03,  0.73
 2,                 b,30,  0.06,  0.03, -*                  |                   ,  0.03,  0.73
 2,                 b,60,  0.06,  0.02,  *                  |                   ,  0.03,  0.73
 2,                 b,50,  0.06,  0.01,  *                  |                   ,  0.03,  0.73
 2,                 b,70,  0.06,  0.03, -*                  |                   ,  0.03,  0.73
#
 3,                 b,20,  0.06,  0.03, -*                  |                   ,  0.03,  0.73
 3,              bonr,80,  0.06,  0.03,  *                  |                   ,  0.03,  0.73
 3,                 b,40,  0.06,  0.03, -*                  |                   ,  0.03,  0.73
 3,              bonr,60,  0.07,  0.03, --*                 |                   ,  0.03,  0.73
#
 4,              bonr,40,  0.07,  0.02,  -*                 |                   ,  0.03,  0.73
 4,              bonr,70,  0.07,  0.03,  -*                 |                   ,  0.03,  0.73
 4,              bonr,20,  0.07,  0.03,  -*                 |                   ,  0.03,  0.73
 4,                 b,10,  0.07,  0.05,  -*                 |                   ,  0.03,  0.73
 4,              rand,10,  0.07,  0.05,  -*-                |                   ,  0.03,  0.73
 4,              bonr,10,  0.08,  0.06, --*-                |                   ,  0.03,  0.73
#
 5,            base,5184,  0.19,  0.35,    ------*----------|--                 ,  0.03,  0.73
 5,           SNEAK_v0,0,  0.29,  0.45,    -----------*-----|-------            ,  0.03,  0.73
