date : May/05/2024 23:47:28,
file : ../data/new/SS-I.csv,
repeats  : 20,
seed : 31210,
rows : 6840,
cols : 18,
best : 0.0,
tiny : 0.08
#base #SNEAK_v0 #SNEAK_v1 #2rrp #rrp #b10 #bonr10 #rand10 #b20 #bonr20 #rand20 #b30 #bonr30 #rand30 #b40 #bonr40 #rand40 #b50 #bonr50 #rand50 #b60 #bonr60 #rand60 #b70 #bonr70 #rand70 #b80 #bonr80 #rand80 
#report29
#
 0,                 b,30,  0.01,  0.01, *                   |                   ,  0.00,  0.94
 0,                 b,50,  0.01,  0.02, *                   |                   ,  0.00,  0.94
 0,                 b,70,  0.02,  0.02, *                   |                   ,  0.00,  0.94
 0,                 b,20,  0.02,  0.03, *                   |                   ,  0.00,  0.94
 0,                 b,40,  0.02,  0.02, *                   |                   ,  0.00,  0.94
#
 1,                 b,60,  0.02,  0.00, *                   |                   ,  0.00,  0.94
 1,                 b,80,  0.02,  0.02, *                   |                   ,  0.00,  0.94
#
 2,              rand,80,  0.04,  0.04,  *-                 |                   ,  0.00,  0.94
 2,              rand,60,  0.04,  0.05,  *-                 |                   ,  0.00,  0.94
 2,              rand,70,  0.06,  0.14,  -*----             |                   ,  0.00,  0.94
#
 3,                 b,10,  0.07,  0.22,  -*-------          |                   ,  0.00,  0.94
 3,              rand,50,  0.07,  0.16,  --*----            |                   ,  0.00,  0.94
#
 4,              bonr,30,  0.08,  0.17,    *------          |                   ,  0.00,  0.94
 4,                rrp,7,  0.08,  0.20,   -*-------         |                   ,  0.00,  0.94
 4,              bonr,80,  0.08,  0.21,   -*-------         |                   ,  0.00,  0.94
 4,              rand,40,  0.09,  0.12,    *----            |                   ,  0.00,  0.94
 4,              rand,30,  0.09,  0.15,    *-----           |                   ,  0.00,  0.94
 4,              2rrp,13,  0.17,  0.16,   -----*            |                   ,  0.00,  0.94
 4,              bonr,50,  0.19,  0.18,    -----*--         |                   ,  0.00,  0.94
 4,              bonr,60,  0.20,  0.14,    -----*           |                   ,  0.00,  0.94
 4,              bonr,40,  0.21,  0.17,    -----*-          |                   ,  0.00,  0.94
 4,              rand,20,  0.21,  0.19,   -------*-         |                   ,  0.00,  0.94
#
 5,         SNEAK_v1,171,  0.22,  0.11,        --*--        |                   ,  0.00,  0.94
#
 6,              bonr,70,  0.22,  0.20,    ------*-         |                   ,  0.00,  0.94
 6,              bonr,20,  0.22,  0.19,    ------*-         |                   ,  0.00,  0.94
#
 7,              bonr,10,  0.26,  0.12,          -*---      |                   ,  0.00,  0.94
 7,              rand,10,  0.27,  0.16,         ---*---     |                   ,  0.00,  0.94
#
 8,            base,6840,  0.53,  0.35,                 ----|-*--------         ,  0.00,  0.94
#
 9,          SNEAK_v0,86,  0.69,  0.21,                     |  ------*--        ,  0.00,  0.94
