date : May/05/2024 23:52:32,
file : ../data/new/SS-J.csv,
repeats  : 20,
seed : 31210,
rows : 65536,
cols : 18,
best : 0.09,
tiny : 0.04
#base #SNEAK_v0 #SNEAK_v1 #2rrp #rrp #b10 #bonr10 #rand10 #b20 #bonr20 #rand20 #b30 #bonr30 #rand30 #b40 #bonr40 #rand40 #b50 #bonr50 #rand50 #b60 #bonr60 #rand60 #b70 #bonr70 #rand70 #b80 #bonr80 #rand80 
#report29
#
 0,       SNEAK_v1,65536,  0.09,  0.00, *                   |                   ,  0.09,  0.73
#
 1,                 b,60,  0.23,  0.08,        -*--         |                   ,  0.09,  0.73
#
 2,                 b,80,  0.24,  0.08,       ---*-         |                   ,  0.09,  0.73
 2,                 b,70,  0.24,  0.06,        --*          |                   ,  0.09,  0.73
 2,                 b,40,  0.25,  0.07,        ---*-        |                   ,  0.09,  0.73
#
 3,                 b,30,  0.26,  0.06,          -*--       |                   ,  0.09,  0.73
#
 4,              rand,70,  0.26,  0.06,          -*--       |                   ,  0.09,  0.73
 4,                 b,50,  0.27,  0.08,         ---*-       |                   ,  0.09,  0.73
 4,              rand,80,  0.28,  0.07,         ---*-       |                   ,  0.09,  0.73
 4,              rand,60,  0.28,  0.04,            -*       |                   ,  0.09,  0.73
 4,              rand,50,  0.29,  0.07,           --*--     |                   ,  0.09,  0.73
#
 5,                 b,20,  0.30,  0.06,           ---*      |                   ,  0.09,  0.73
 5,              rand,30,  0.31,  0.06,             -*--    |                   ,  0.09,  0.73
 5,              bonr,60,  0.31,  0.07,            --*-     |                   ,  0.09,  0.73
 5,              bonr,50,  0.32,  0.05,             --*-    |                   ,  0.09,  0.73
 5,              bonr,10,  0.33,  0.16,            ---*-----|                   ,  0.09,  0.73
 5,              bonr,70,  0.33,  0.07,             --*--   |                   ,  0.09,  0.73
 5,              bonr,30,  0.33,  0.04,              --*    |                   ,  0.09,  0.73
 5,              bonr,80,  0.34,  0.06,             ---*    |                   ,  0.09,  0.73
 5,              bonr,40,  0.34,  0.06,             ---*    |                   ,  0.09,  0.73
 5,              rand,40,  0.34,  0.05,              --*    |                   ,  0.09,  0.73
 5,                 b,10,  0.34,  0.11,             ---*--- |                   ,  0.09,  0.73
 5,              rand,20,  0.34,  0.08,             ---*-   |                   ,  0.09,  0.73
 5,              bonr,20,  0.35,  0.06,              ---*   |                   ,  0.09,  0.73
#
 6,              2rrp,16,  0.37,  0.07,                --*- |                   ,  0.09,  0.73
 6,              rand,10,  0.37,  0.07,                 -*--|                   ,  0.09,  0.73
 6,                rrp,8,  0.38,  0.07,                --*--|                   ,  0.09,  0.73
#
 7,           SNEAK_v0,0,  0.50,  0.19,                     | ---*--------      ,  0.09,  0.73
#
 8,           base,65536,  0.51,  0.15,                     |-----*---          ,  0.09,  0.73
