date : May/05/2024 00:22:15,
file : ../data/new/SS-K.csv,
repeats  : 20,
seed : 31210,
rows : 86058,
cols : 13,
best : 0.0,
tiny : 0.06
#base #SNEAK_v0 #SNEAK_v1 #2rrp #rrp #b10 #bonr10 #rand10 #b20 #bonr20 #rand20 #b30 #bonr30 #rand30 #b40 #bonr40 #rand40 #b50 #bonr50 #rand50 #b60 #bonr60 #rand60 #b70 #bonr70 #rand70 #b80 #bonr80 #rand80 
#report29
#
 0,       SNEAK_v1,86058,  0.00,  0.00, *                   |                   ,  0.00,  0.88
 0,                 b,20,  0.00,  0.04, *                   |                   ,  0.00,  0.88
 0,                 b,30,  0.00,  0.00, *                   |                   ,  0.00,  0.88
 0,                 b,40,  0.00,  0.00, *                   |                   ,  0.00,  0.88
#
 1,                 b,50,  0.00,  0.00, *                   |                   ,  0.00,  0.88
 1,                 b,60,  0.00,  0.00, *                   |                   ,  0.00,  0.88
 1,                 b,70,  0.00,  0.00, *                   |                   ,  0.00,  0.88
 1,                 b,80,  0.00,  0.00, *                   |                   ,  0.00,  0.88
#
 2,           SNEAK_v0,0,  0.07,  0.00,    *                |                   ,  0.00,  0.88
 2,              bonr,60,  0.19,  0.28,      ---*---------  |                   ,  0.00,  0.88
 2,              2rrp,17,  0.21,  0.02,          *          |                   ,  0.00,  0.88
#
 3,              rand,80,  0.21,  0.03,          *          |                   ,  0.00,  0.88
 3,              rand,60,  0.22,  0.03,          *          |                   ,  0.00,  0.88
 3,              rand,70,  0.22,  0.03,          *          |                   ,  0.00,  0.88
#
 4,              rand,50,  0.22,  0.04,          -*         |                   ,  0.00,  0.88
 4,              rand,40,  0.23,  0.04,          -*         |                   ,  0.00,  0.88
 4,              rand,20,  0.23,  0.06,          -*-        |                   ,  0.00,  0.88
#
 5,              rand,30,  0.24,  0.06,          -*-        |                   ,  0.00,  0.88
 5,              bonr,70,  0.25,  0.24,        ----*------  |                   ,  0.00,  0.88
 5,                rrp,9,  0.25,  0.16,           -*-----   |                   ,  0.00,  0.88
 5,              bonr,20,  0.25,  0.16,           -*------  |                   ,  0.00,  0.88
 5,                 b,10,  0.34,  0.19,          ------*--  |                   ,  0.00,  0.88
 5,              bonr,30,  0.34,  0.28,       ---------*--- |                   ,  0.00,  0.88
 5,              bonr,80,  0.38,  0.19,           -------*- |                   ,  0.00,  0.88
 5,              bonr,40,  0.39,  0.25,       -----------*  |                   ,  0.00,  0.88
 5,              rand,10,  0.39,  0.16,            ------*  |                   ,  0.00,  0.88
#
 6,              bonr,10,  0.39,  0.07,                 -*- |                   ,  0.00,  0.88
 6,              bonr,50,  0.41,  0.06,                  -*-|                   ,  0.00,  0.88
#
 7,           base,86058,  0.52,  0.26,                     |--*--------        ,  0.00,  0.88
