date : May/05/2024 23:44:09,
file : ../data/new/SS-H.csv,
repeats  : 20,
seed : 31210,
rows : 4608,
cols : 23,
best : 0.23,
tiny : 0.05
#base #SNEAK_v0 #SNEAK_v1 #2rrp #rrp #b10 #bonr10 #rand10 #b20 #bonr20 #rand20 #b30 #bonr30 #rand30 #b40 #bonr40 #rand40 #b50 #bonr50 #rand50 #b60 #bonr60 #rand60 #b70 #bonr70 #rand70 #b80 #bonr80 #rand80 
#report29
#
 0,         SNEAK_v1,124,  0.23,  0.01, *                   |                   ,  0.23,  0.69
 0,                 b,50,  0.24,  0.01, *                   |                   ,  0.23,  0.69
 0,                 b,70,  0.24,  0.01, *                   |                   ,  0.23,  0.69
 0,                 b,30,  0.24,  0.01, *                   |                   ,  0.23,  0.69
 0,                 b,40,  0.24,  0.01, *                   |                   ,  0.23,  0.69
 0,                 b,60,  0.24,  0.01, *                   |                   ,  0.23,  0.69
 0,                 b,20,  0.24,  0.01, *                   |                   ,  0.23,  0.69
 0,                 b,80,  0.24,  0.01, *                   |                   ,  0.23,  0.69
 0,              rand,60,  0.24,  0.01, *                   |                   ,  0.23,  0.69
 0,              rand,80,  0.24,  0.01, *                   |                   ,  0.23,  0.69
 0,              rand,70,  0.24,  0.01, -*                  |                   ,  0.23,  0.69
 0,              rand,50,  0.24,  0.01, -*                  |                   ,  0.23,  0.69
 0,              rand,30,  0.25,  0.01,  *                  |                   ,  0.23,  0.69
 0,              rand,40,  0.25,  0.01, -*                  |                   ,  0.23,  0.69
#
 1,              2rrp,13,  0.25,  0.01,  *                  |                   ,  0.23,  0.69
 1,              bonr,70,  0.25,  0.01,  *                  |                   ,  0.23,  0.69
 1,              bonr,50,  0.25,  0.01,  *                  |                   ,  0.23,  0.69
 1,              bonr,80,  0.25,  0.01,  *                  |                   ,  0.23,  0.69
 1,              bonr,40,  0.25,  0.01,  *                  |                   ,  0.23,  0.69
 1,              rand,20,  0.25,  0.02,  *                  |                   ,  0.23,  0.69
 1,              bonr,20,  0.25,  0.02,  -*                 |                   ,  0.23,  0.69
 1,              bonr,60,  0.25,  0.01,  -*                 |                   ,  0.23,  0.69
#
 2,                rrp,7,  0.26,  0.02,  -*                 |                   ,  0.23,  0.69
 2,              bonr,10,  0.26,  0.02,  -*                 |                   ,  0.23,  0.69
 2,              bonr,30,  0.26,  0.02,  -*                 |                   ,  0.23,  0.69
 2,              rand,10,  0.26,  0.04,  -*--               |                   ,  0.23,  0.69
#
 3,                 b,10,  0.28,  0.19,  ---*------------   |                   ,  0.23,  0.69
#
 4,            base,4608,  0.45,  0.27,       ------------*-|---------          ,  0.23,  0.69
#
 5,          SNEAK_v0,64,  0.66,  0.24,                   --|----------------*- ,  0.23,  0.69
