date : May/05/2024 00:52:29,
file : ../data/new/wc+wc-3d-c4-obj1.csv,
repeats  : 20,
seed : 31210,
rows : 196,
cols : 4,
best : 0.0,
tiny : 0.06
#base #SNEAK_v0 #SNEAK_v1 #2rrp #rrp #b10 #bonr10 #rand10 #b20 #bonr20 #rand20 #b30 #bonr30 #rand30 #b40 #bonr40 #rand40 #b50 #bonr50 #rand50 #b60 #bonr60 #rand60 #b70 #bonr70 #rand70 #b80 #bonr80 #rand80 
#report29
#
 0,                 b,20,  0.00,  0.00, *                   |                   ,  0.00,  0.64
 0,                 b,30,  0.00,  0.01, *                   |                   ,  0.00,  0.64
 0,                 b,80,  0.00,  0.00, *                   |                   ,  0.00,  0.64
 0,              rand,80,  0.00,  0.00, *                   |                   ,  0.00,  0.64
 0,              rand,60,  0.00,  0.00, *                   |                   ,  0.00,  0.64
 0,              rand,70,  0.00,  0.00, *                   |                   ,  0.00,  0.64
 0,              bonr,30,  0.00,  0.00, *                   |                   ,  0.00,  0.64
 0,              bonr,40,  0.00,  0.01, *                   |                   ,  0.00,  0.64
 0,              rand,40,  0.00,  0.00, *                   |                   ,  0.00,  0.64
 0,              rand,50,  0.00,  0.00, *                   |                   ,  0.00,  0.64
 0,                 b,50,  0.00,  0.00, *                   |                   ,  0.00,  0.64
 0,              bonr,20,  0.00,  0.01, *                   |                   ,  0.00,  0.64
 0,              rand,20,  0.00,  0.01, *                   |                   ,  0.00,  0.64
 0,              rand,30,  0.00,  0.01, *                   |                   ,  0.00,  0.64
 0,              bonr,80,  0.00,  0.00, *                   |                   ,  0.00,  0.64
#
 1,              bonr,10,  0.00,  0.01, *                   |                   ,  0.00,  0.64
 1,                 b,40,  0.00,  0.02, *                   |                   ,  0.00,  0.64
 1,                 b,10,  0.00,  0.01, *                   |                   ,  0.00,  0.64
 1,              bonr,50,  0.00,  0.01, *                   |                   ,  0.00,  0.64
 1,                 b,60,  0.00,  0.00, *                   |                   ,  0.00,  0.64
 1,              bonr,60,  0.00,  0.01, *                   |                   ,  0.00,  0.64
 1,                 b,70,  0.00,  0.01, *                   |                   ,  0.00,  0.64
 1,              bonr,70,  0.00,  0.01, *                   |                   ,  0.00,  0.64
#
 2,          SNEAK_v1,34,  0.01,  0.00, *                   |                   ,  0.00,  0.64
 2,              rand,10,  0.01,  0.01, *                   |                   ,  0.00,  0.64
 2,               2rrp,8,  0.01,  0.01, *                   |                   ,  0.00,  0.64
#
 3,                rrp,4,  0.09,  0.21, -----*-------       |                   ,  0.00,  0.64
#
 4,          SNEAK_v0,12,  0.25,  0.02,                *    |                   ,  0.00,  0.64
#
 5,             base,196,  0.26,  0.17,           ------*---|                   ,  0.00,  0.64
