date : May/05/2024 00:52:33,
file : ../data/new/wc-3d-c4_obj2.csv,
repeats  : 20,
seed : 31210,
rows : 756,
cols : 4,
best : 0.0,
tiny : 0.04
#base #SNEAK_v0 #SNEAK_v1 #2rrp #rrp #b10 #bonr10 #rand10 #b20 #bonr20 #rand20 #b30 #bonr30 #rand30 #b40 #bonr40 #rand40 #b50 #bonr50 #rand50 #b60 #bonr60 #rand60 #b70 #bonr70 #rand70 #b80 #bonr80 #rand80 
#report29
#
 0,              rand,70,  0.00,  0.00, *                   |                   ,  0.00,  0.18
 0,                 b,50,  0.00,  0.00, *                   |                   ,  0.00,  0.18
 0,              rand,60,  0.00,  0.00, *                   |                   ,  0.00,  0.18
 0,                 b,30,  0.00,  0.00, *                   |                   ,  0.00,  0.18
 0,              rand,50,  0.00,  0.00, *                   |                   ,  0.00,  0.18
 0,                 b,20,  0.00,  0.00, *                   |                   ,  0.00,  0.18
 0,                 b,80,  0.00,  0.00, *                   |                   ,  0.00,  0.18
 0,              rand,80,  0.00,  0.00, *                   |                   ,  0.00,  0.18
 0,              bonr,40,  0.00,  0.00, *                   |                   ,  0.00,  0.18
 0,                 b,70,  0.00,  0.00, *                   |                   ,  0.00,  0.18
 0,              rand,40,  0.00,  0.00, *                   |                   ,  0.00,  0.18
 0,              bonr,70,  0.00,  0.00, *                   |                   ,  0.00,  0.18
 0,              bonr,20,  0.00,  0.00, *                   |                   ,  0.00,  0.18
 0,              rand,30,  0.00,  0.00, *                   |                   ,  0.00,  0.18
 0,              bonr,50,  0.00,  0.00, *                   |                   ,  0.00,  0.18
 0,              bonr,60,  0.00,  0.00, *                   |                   ,  0.00,  0.18
 0,                 b,10,  0.00,  0.00, *                   |                   ,  0.00,  0.18
 0,              bonr,30,  0.00,  0.00, *                   |                   ,  0.00,  0.18
 0,              bonr,10,  0.00,  0.00, *                   |                   ,  0.00,  0.18
 0,              bonr,80,  0.00,  0.00, *                   |                   ,  0.00,  0.18
 0,              rand,10,  0.00,  0.00, *                   |                   ,  0.00,  0.18
 0,              rand,20,  0.00,  0.00, *                   |                   ,  0.00,  0.18
 0,              2rrp,10,  0.00,  0.00, *                   |                   ,  0.00,  0.18
 0,                rrp,5,  0.00,  0.00, *                   |                   ,  0.00,  0.18
 0,          SNEAK_v1,71,  0.00,  0.00, *                   |                   ,  0.00,  0.18
 0,                 b,60,  0.00,  0.00, *                   |                   ,  0.00,  0.18
#
 1,                 b,40,  0.00,  0.00, *                   |                   ,  0.00,  0.18
 1,             base,756,  0.00,  0.01, *                   |                   ,  0.00,  0.18
 1,          SNEAK_v0,22,  0.01,  0.01, -*                  |                   ,  0.00,  0.18
