date : May/05/2024 00:52:47,
file : ../data/new/wc-6d-c1-obj1.csv,
repeats  : 20,
seed : 31210,
rows : 2880,
cols : 7,
best : 0.0,
tiny : 0.07
#base #SNEAK_v0 #SNEAK_v1 #2rrp #rrp #b10 #bonr10 #rand10 #b20 #bonr20 #rand20 #b30 #bonr30 #rand30 #b40 #bonr40 #rand40 #b50 #bonr50 #rand50 #b60 #bonr60 #rand60 #b70 #bonr70 #rand70 #b80 #bonr80 #rand80 
#report29
#
 0,                 b,40,  0.00,  0.02, *                   |                   ,  0.00,  0.75
 0,                 b,80,  0.00,  0.02, *                   |                   ,  0.00,  0.75
 0,                 b,30,  0.00,  0.01, *                   |                   ,  0.00,  0.75
 0,                 b,70,  0.00,  0.02, *                   |                   ,  0.00,  0.75
 0,              rand,50,  0.00,  0.00, *                   |                   ,  0.00,  0.75
 0,              rand,70,  0.00,  0.00, *                   |                   ,  0.00,  0.75
 0,              rand,80,  0.00,  0.00, *                   |                   ,  0.00,  0.75
 0,              rand,40,  0.00,  0.01, *                   |                   ,  0.00,  0.75
 0,              rand,30,  0.00,  0.01, *                   |                   ,  0.00,  0.75
 0,              rand,60,  0.00,  0.00, *                   |                   ,  0.00,  0.75
 0,                 b,50,  0.00,  0.02, *                   |                   ,  0.00,  0.75
 0,                 b,20,  0.00,  0.05, *-                  |                   ,  0.00,  0.75
 0,                 b,60,  0.00,  0.02, *                   |                   ,  0.00,  0.75
#
 1,         SNEAK_v1,138,  0.00,  0.02, *                   |                   ,  0.00,  0.75
 1,                 b,10,  0.01,  0.12, *-----              |                   ,  0.00,  0.75
 1,              2rrp,12,  0.01,  0.02, *                   |                   ,  0.00,  0.75
 1,              rand,20,  0.01,  0.04, *-                  |                   ,  0.00,  0.75
 1,              rand,10,  0.01,  0.09, *----               |                   ,  0.00,  0.75
 1,                rrp,6,  0.01,  0.02, *                   |                   ,  0.00,  0.75
 1,              bonr,80,  0.01,  0.02, *                   |                   ,  0.00,  0.75
 1,              bonr,50,  0.02,  0.05, -*                  |                   ,  0.00,  0.75
 1,              bonr,60,  0.02,  0.05, -*                  |                   ,  0.00,  0.75
 1,              bonr,30,  0.02,  0.04, -*                  |                   ,  0.00,  0.75
 1,              bonr,70,  0.02,  0.03,  *                  |                   ,  0.00,  0.75
 1,              bonr,20,  0.02,  0.11, -*----              |                   ,  0.00,  0.75
 1,              bonr,10,  0.04,  0.05, --*                 |                   ,  0.00,  0.75
 1,              bonr,40,  0.05,  0.05, --*                 |                   ,  0.00,  0.75
#
 2,          SNEAK_v0,44,  0.24,  0.22,         -----*------|                   ,  0.00,  0.75
#
 3,            base,2880,  0.25,  0.30,      --------*------|-                  ,  0.00,  0.75
