date : May/05/2024 00:56:37,
file : ../data/new/WGet.csv,
repeats  : 20,
seed : 31210,
rows : 188,
cols : 17,
best : 0.0,
tiny : 0.12
#base #SNEAK_v0 #SNEAK_v1 #2rrp #rrp #b10 #bonr10 #rand10 #b20 #bonr20 #rand20 #b30 #bonr30 #rand30 #b40 #bonr40 #rand40 #b50 #bonr50 #rand50 #b60 #bonr60 #rand60 #b70 #bonr70 #rand70 #b80 #bonr80 #rand80 
#report29
#
 0,                 b,50,  0.00,  0.00, *                   |                   ,  0.00,  1.00
 0,                 b,70,  0.00,  0.00, *                   |                   ,  0.00,  1.00
 0,              rand,70,  0.00,  0.00, *                   |                   ,  0.00,  1.00
 0,              rand,80,  0.00,  0.00, *                   |                   ,  0.00,  1.00
#
 1,                 b,10,  0.00,  0.00, *                   |                   ,  0.00,  1.00
 1,                 b,30,  0.00,  0.00, *                   |                   ,  0.00,  1.00
 1,              rand,30,  0.00,  0.00, *                   |                   ,  0.00,  1.00
 1,                 b,40,  0.00,  0.00, *                   |                   ,  0.00,  1.00
 1,              rand,40,  0.00,  0.00, *                   |                   ,  0.00,  1.00
 1,              bonr,50,  0.00,  0.00, *                   |                   ,  0.00,  1.00
 1,              rand,50,  0.00,  0.00, *                   |                   ,  0.00,  1.00
 1,              rand,60,  0.00,  0.00, *                   |                   ,  0.00,  1.00
 1,                 b,80,  0.00,  0.00, *                   |                   ,  0.00,  1.00
 1,              bonr,20,  0.00,  0.00, *                   |                   ,  0.00,  1.00
 1,              rand,20,  0.00,  0.00, *                   |                   ,  0.00,  1.00
 1,                 b,60,  0.00,  0.00, *                   |                   ,  0.00,  1.00
 1,              bonr,60,  0.00,  0.00, *                   |                   ,  0.00,  1.00
 1,              bonr,40,  0.00,  0.00, *                   |                   ,  0.00,  1.00
 1,              bonr,70,  0.00,  0.00, *                   |                   ,  0.00,  1.00
#
 2,          SNEAK_v1,32,  0.00,  0.00, *                   |                   ,  0.00,  1.00
 2,              bonr,10,  0.00,  0.00, *                   |                   ,  0.00,  1.00
 2,                 b,20,  0.00,  0.00, *                   |                   ,  0.00,  1.00
 2,              bonr,80,  0.00,  0.00, *                   |                   ,  0.00,  1.00
 2,              bonr,30,  0.00,  0.00, *                   |                   ,  0.00,  1.00
#
 3,              rand,10,  0.00,  0.00, *                   |                   ,  0.00,  1.00
 3,                rrp,4,  0.00,  0.01, *                   |                   ,  0.00,  1.00
#
 4,               2rrp,8,  0.01,  0.01, *                   |                   ,  0.00,  1.00
#
 5,           SNEAK_v0,8,  0.01,  0.00, *                   |                   ,  0.00,  1.00
#
 6,             base,188,  0.01,  0.02, *                   |                   ,  0.00,  1.00